# JRE version: OpenJDK Runtime Environment (11.0.14+9) (build 11.0.14+9-Ubuntu-0ubuntu2.16.04)
# Java VM: OpenJDK 64-Bit Server VM (11.0.14+9-Ubuntu-0ubuntu2.16.04, mixed mode, sharing, tiered, compressed oops, parallel gc, linux-amd64)
Heap:
 PSYoungGen      total 50176K, used 0K [0x00000000eab00000, 0x00000000eea80000, 0x0000000100000000)
  eden space 40448K, 0% used [0x00000000eab00000,0x00000000eab00000,0x00000000ed280000)
  from space 9728K, 0% used [0x00000000ee100000,0x00000000ee100000,0x00000000eea80000)
  to   space 11264K, 0% used [0x00000000ed280000,0x00000000ed280000,0x00000000edd80000)
 ParOldGen       total 172544K, used 170389K [0x00000000c0000000, 0x00000000ca880000, 0x00000000eab00000)
  object space 172544K, 98% used [0x00000000c0000000,0x00000000ca6654b8,0x00000000ca880000)
 Metaspace       used 38153K, capacity 40529K, committed 40704K, reserved 1085440K
  class space    used 3946K, capacity 4822K, committed 4864K, reserved 1048576K
GC Heap History (20 events):
Event: 30.553 GC heap after
{Heap after GC invocations=52 (full 4):
 PSYoungGen      total 28672K, used 5002K [0x00000000eab00000, 0x00000000ecc80000, 0x0000000100000000)
  eden space 23552K, 0% used [0x00000000eab00000,0x00000000eab00000,0x00000000ec200000)
  from space 5120K, 97% used [0x00000000ec700000,0x00000000ecbe2aa0,0x00000000ecc00000)
  to   space 5120K, 0% used [0x00000000ec200000,0x00000000ec200000,0x00000000ec700000)
 ParOldGen       total 172544K, used 110080K [0x00000000c0000000, 0x00000000ca880000, 0x00000000eab00000)
  object space 172544K, 63% used [0x00000000c0000000,0x00000000c6b800f8,0x00000000ca880000)
 Metaspace       used 37773K, capacity 40062K, committed 40448K, reserved 1085440K
  class space    used 3919K, capacity 4780K, committed 4864K, reserved 1048576K
}
Event: 33.672 GC heap before
{Heap before GC invocations=53 (full 4):
 PSYoungGen      total 28672K, used 28554K [0x00000000eab00000, 0x00000000ecc80000, 0x0000000100000000)
  eden space 23552K, 100% used [0x00000000eab00000,0x00000000ec200000,0x00000000ec200000)
  from space 5120K, 97% used [0x00000000ec700000,0x00000000ecbe2aa0,0x00000000ecc00000)
  to   space 5120K, 0% used [0x00000000ec200000,0x00000000ec200000,0x00000000ec700000)
 ParOldGen       total 172544K, used 110080K [0x00000000c0000000, 0x00000000ca880000, 0x00000000eab00000)
  object space 172544K, 63% used [0x00000000c0000000,0x00000000c6b800f8,0x00000000ca880000)
 Metaspace       used 37783K, capacity 40065K, committed 40448K, reserved 1085440K
  class space    used 3919K, capacity 4781K, committed 4864K, reserved 1048576K
}
Event: 34.907 GC heap after
{Heap after GC invocations=53 (full 4):
 PSYoungGen      total 28672K, used 5094K [0x00000000eab00000, 0x00000000edc00000, 0x0000000100000000)
  eden space 23552K, 0% used [0x00000000eab00000,0x00000000eab00000,0x00000000ec200000)
  from space 5120K, 99% used [0x00000000ec200000,0x00000000ec6f9810,0x00000000ec700000)
  to   space 11776K, 0% used [0x00000000ed080000,0x00000000ed080000,0x00000000edc00000)
 ParOldGen       total 172544K, used 115445K [0x00000000c0000000, 0x00000000ca880000, 0x00000000eab00000)
  object space 172544K, 66% used [0x00000000c0000000,0x00000000c70bd550,0x00000000ca880000)
 Metaspace       used 37783K, capacity 40065K, committed 40448K, reserved 1085440K
  class space    used 3919K, capacity 4781K, committed 4864K, reserved 1048576K
}
Event: 71.770 GC heap before
{Heap before GC invocations=54 (full 4):
 PSYoungGen      total 28672K, used 28646K [0x00000000eab00000, 0x00000000edc00000, 0x0000000100000000)
  eden space 23552K, 100% used [0x00000000eab00000,0x00000000ec200000,0x00000000ec200000)
  from space 5120K, 99% used [0x00000000ec200000,0x00000000ec6f9810,0x00000000ec700000)
  to   space 11776K, 0% used [0x00000000ed080000,0x00000000ed080000,0x00000000edc00000)
 ParOldGen       total 172544K, used 115445K [0x00000000c0000000, 0x00000000ca880000, 0x00000000eab00000)
  object space 172544K, 66% used [0x00000000c0000000,0x00000000c70bd550,0x00000000ca880000)
 Metaspace       used 37787K, capacity 40129K, committed 40448K, reserved 1085440K
  class space    used 3919K, capacity 4781K, committed 4864K, reserved 1048576K
}
Event: 71.867 GC heap after
{Heap after GC invocations=54 (full 4):
 PSYoungGen      total 32256K, used 5441K [0x00000000eab00000, 0x00000000ed600000, 0x0000000100000000)
  eden space 26624K, 0% used [0x00000000eab00000,0x00000000eab00000,0x00000000ec500000)
  from space 5632K, 96% used [0x00000000ed080000,0x00000000ed5d04e0,0x00000000ed600000)
  to   space 7680K, 0% used [0x00000000ec700000,0x00000000ec700000,0x00000000ece80000)
 ParOldGen       total 172544K, used 120487K [0x00000000c0000000, 0x00000000ca880000, 0x00000000eab00000)
  object space 172544K, 69% used [0x00000000c0000000,0x00000000c75a9fc8,0x00000000ca880000)
 Metaspace       used 37787K, capacity 40129K, committed 40448K, reserved 1085440K
  class space    used 3919K, capacity 4781K, committed 4864K, reserved 1048576K
}
Event: 72.114 GC heap before
{Heap before GC invocations=55 (full 4):
 PSYoungGen      total 32256K, used 32065K [0x00000000eab00000, 0x00000000ed600000, 0x0000000100000000)
  eden space 26624K, 100% used [0x00000000eab00000,0x00000000ec500000,0x00000000ec500000)
  from space 5632K, 96% used [0x00000000ed080000,0x00000000ed5d04e0,0x00000000ed600000)
  to   space 7680K, 0% used [0x00000000ec700000,0x00000000ec700000,0x00000000ece80000)
 ParOldGen       total 172544K, used 120487K [0x00000000c0000000, 0x00000000ca880000, 0x00000000eab00000)
  object space 172544K, 69% used [0x00000000c0000000,0x00000000c75a9fc8,0x00000000ca880000)
 Metaspace       used 37793K, capacity 40129K, committed 40448K, reserved 1085440K
  class space    used 3919K, capacity 4781K, committed 4864K, reserved 1048576K
}
Event: 72.143 GC heap after
{Heap after GC invocations=55 (full 4):
 PSYoungGen      total 36352K, used 6497K [0x00000000eab00000, 0x00000000ed600000, 0x0000000100000000)
  eden space 28672K, 0% used [0x00000000eab00000,0x00000000eab00000,0x00000000ec700000)
  from space 7680K, 84% used [0x00000000ec700000,0x00000000ecd586b0,0x00000000ece80000)
  to   space 7168K, 0% used [0x00000000ecf00000,0x00000000ecf00000,0x00000000ed600000)
 ParOldGen       total 172544K, used 125791K [0x00000000c0000000, 0x00000000ca880000, 0x00000000eab00000)
  object space 172544K, 72% used [0x00000000c0000000,0x00000000c7ad7ea0,0x00000000ca880000)
 Metaspace       used 37793K, capacity 40129K, committed 40448K, reserved 1085440K
  class space    used 3919K, capacity 4781K, committed 4864K, reserved 1048576K
}
Event: 72.684 GC heap before
{Heap before GC invocations=56 (full 4):
 PSYoungGen      total 36352K, used 35169K [0x00000000eab00000, 0x00000000ed600000, 0x0000000100000000)
  eden space 28672K, 100% used [0x00000000eab00000,0x00000000ec700000,0x00000000ec700000)
  from space 7680K, 84% used [0x00000000ec700000,0x00000000ecd586b0,0x00000000ece80000)
  to   space 7168K, 0% used [0x00000000ecf00000,0x00000000ecf00000,0x00000000ed600000)
 ParOldGen       total 172544K, used 125791K [0x00000000c0000000, 0x00000000ca880000, 0x00000000eab00000)
  object space 172544K, 72% used [0x00000000c0000000,0x00000000c7ad7ea0,0x00000000ca880000)
 Metaspace       used 37798K, capacity 40129K, committed 40448K, reserved 1085440K
  class space    used 3919K, capacity 4781K, committed 4864K, reserved 1048576K
}
Event: 72.732 GC heap after
{Heap after GC invocations=56 (full 4):
 PSYoungGen      total 36864K, used 6778K [0x00000000eab00000, 0x00000000ed800000, 0x0000000100000000)
  eden space 29696K, 0% used [0x00000000eab00000,0x00000000eab00000,0x00000000ec800000)
  from space 7168K, 94% used [0x00000000ecf00000,0x00000000ed59e8e8,0x00000000ed600000)
  to   space 7168K, 0% used [0x00000000ec800000,0x00000000ec800000,0x00000000ecf00000)
 ParOldGen       total 172544K, used 132202K [0x00000000c0000000, 0x00000000ca880000, 0x00000000eab00000)
  object space 172544K, 76% used [0x00000000c0000000,0x00000000c811ab88,0x00000000ca880000)
 Metaspace       used 37798K, capacity 40129K, committed 40448K, reserved 1085440K
  class space    used 3919K, capacity 4781K, committed 4864K, reserved 1048576K
}
Event: 73.272 GC heap before
{Heap before GC invocations=57 (full 4):
 PSYoungGen      total 36864K, used 36474K [0x00000000eab00000, 0x00000000ed800000, 0x0000000100000000)
  eden space 29696K, 100% used [0x00000000eab00000,0x00000000ec800000,0x00000000ec800000)
  from space 7168K, 94% used [0x00000000ecf00000,0x00000000ed59e8e8,0x00000000ed600000)
  to   space 7168K, 0% used [0x00000000ec800000,0x00000000ec800000,0x00000000ecf00000)
 ParOldGen       total 172544K, used 132202K [0x00000000c0000000, 0x00000000ca880000, 0x00000000eab00000)
  object space 172544K, 76% used [0x00000000c0000000,0x00000000c811ab88,0x00000000ca880000)
 Metaspace       used 38037K, capacity 40401K, committed 40704K, reserved 1085440K
  class space    used 3942K, capacity 4822K, committed 4864K, reserved 1048576K
}
Event: 73.297 GC heap after
{Heap after GC invocations=57 (full 4):
 PSYoungGen      total 36864K, used 7161K [0x00000000eab00000, 0x00000000ee700000, 0x0000000100000000)
  eden space 29696K, 0% used [0x00000000eab00000,0x00000000eab00000,0x00000000ec800000)
  from space 7168K, 99% used [0x00000000ec800000,0x00000000ecefe7f8,0x00000000ecf00000)
  to   space 14336K, 0% used [0x00000000ed900000,0x00000000ed900000,0x00000000ee700000)
 ParOldGen       total 172544K, used 138146K [0x00000000c0000000, 0x00000000ca880000, 0x00000000eab00000)
  object space 172544K, 80% used [0x00000000c0000000,0x00000000c86e8ac8,0x00000000ca880000)
 Metaspace       used 38037K, capacity 40401K, committed 40704K, reserved 1085440K
  class space    used 3942K, capacity 4822K, committed 4864K, reserved 1048576K
}
Event: 73.831 GC heap before
{Heap before GC invocations=58 (full 4):
 PSYoungGen      total 36864K, used 36857K [0x00000000eab00000, 0x00000000ee700000, 0x0000000100000000)
  eden space 29696K, 100% used [0x00000000eab00000,0x00000000ec800000,0x00000000ec800000)
  from space 7168K, 99% used [0x00000000ec800000,0x00000000ecefe7f8,0x00000000ecf00000)
  to   space 14336K, 0% used [0x00000000ed900000,0x00000000ed900000,0x00000000ee700000)
 ParOldGen       total 172544K, used 138146K [0x00000000c0000000, 0x00000000ca880000, 0x00000000eab00000)
  object space 172544K, 80% used [0x00000000c0000000,0x00000000c86e8ac8,0x00000000ca880000)
 Metaspace       used 38111K, capacity 40465K, committed 40704K, reserved 1085440K
  class space    used 3945K, capacity 4822K, committed 4864K, reserved 1048576K
}
Event: 73.937 GC heap after
{Heap after GC invocations=58 (full 4):
 PSYoungGen      total 39424K, used 5919K [0x00000000eab00000, 0x00000000edf00000, 0x0000000100000000)
  eden space 33280K, 0% used [0x00000000eab00000,0x00000000eab00000,0x00000000ecb80000)
  from space 6144K, 96% used [0x00000000ed900000,0x00000000edec7d68,0x00000000edf00000)
  to   space 8704K, 0% used [0x00000000ece00000,0x00000000ece00000,0x00000000ed680000)
 ParOldGen       total 172544K, used 145153K [0x00000000c0000000, 0x00000000ca880000, 0x00000000eab00000)
  object space 172544K, 84% used [0x00000000c0000000,0x00000000c8dc0458,0x00000000ca880000)
 Metaspace       used 38111K, capacity 40465K, committed 40704K, reserved 1085440K
  class space    used 3945K, capacity 4822K, committed 4864K, reserved 1048576K
}
Event: 74.601 GC heap before
{Heap before GC invocations=59 (full 4):
 PSYoungGen      total 39424K, used 38695K [0x00000000eab00000, 0x00000000edf00000, 0x0000000100000000)
  eden space 33280K, 98% used [0x00000000eab00000,0x00000000ecb01ef0,0x00000000ecb80000)
  from space 6144K, 96% used [0x00000000ed900000,0x00000000edec7d68,0x00000000edf00000)
  to   space 8704K, 0% used [0x00000000ece00000,0x00000000ece00000,0x00000000ed680000)
 ParOldGen       total 172544K, used 145153K [0x00000000c0000000, 0x00000000ca880000, 0x00000000eab00000)
  object space 172544K, 84% used [0x00000000c0000000,0x00000000c8dc0458,0x00000000ca880000)
 Metaspace       used 38124K, capacity 40465K, committed 40704K, reserved 1085440K
  class space    used 3946K, capacity 4822K, committed 4864K, reserved 1048576K
}
Event: 74.740 GC heap after
{Heap after GC invocations=59 (full 4):
 PSYoungGen      total 44544K, used 8702K [0x00000000eab00000, 0x00000000eeb80000, 0x0000000100000000)
  eden space 35840K, 0% used [0x00000000eab00000,0x00000000eab00000,0x00000000ece00000)
  from space 8704K, 99% used [0x00000000ece00000,0x00000000ed67fa58,0x00000000ed680000)
  to   space 14336K, 0% used [0x00000000edd80000,0x00000000edd80000,0x00000000eeb80000)
 ParOldGen       total 172544K, used 149447K [0x00000000c0000000, 0x00000000ca880000, 0x00000000eab00000)
  object space 172544K, 86% used [0x00000000c0000000,0x00000000c91f1f80,0x00000000ca880000)
 Metaspace       used 38124K, capacity 40465K, committed 40704K, reserved 1085440K
  class space    used 3946K, capacity 4822K, committed 4864K, reserved 1048576K
}
Event: 75.381 GC heap before
{Heap before GC invocations=60 (full 4):
 PSYoungGen      total 44544K, used 44542K [0x00000000eab00000, 0x00000000eeb80000, 0x0000000100000000)
  eden space 35840K, 100% used [0x00000000eab00000,0x00000000ece00000,0x00000000ece00000)
  from space 8704K, 99% used [0x00000000ece00000,0x00000000ed67fa58,0x00000000ed680000)
  to   space 14336K, 0% used [0x00000000edd80000,0x00000000edd80000,0x00000000eeb80000)
 ParOldGen       total 172544K, used 149447K [0x00000000c0000000, 0x00000000ca880000, 0x00000000eab00000)
  object space 172544K, 86% used [0x00000000c0000000,0x00000000c91f1f80,0x00000000ca880000)
 Metaspace       used 38145K, capacity 40529K, committed 40704K, reserved 1085440K
  class space    used 3946K, capacity 4822K, committed 4864K, reserved 1048576K
}
Event: 75.699 GC heap after
{Heap after GC invocations=60 (full 4):
 PSYoungGen      total 51712K, used 10217K [0x00000000eab00000, 0x00000000ee880000, 0x0000000100000000)
  eden space 40448K, 0% used [0x00000000eab00000,0x00000000eab00000,0x00000000ed280000)
  from space 11264K, 90% used [0x00000000edd80000,0x00000000ee77a7f0,0x00000000ee880000)
  to   space 11264K, 0% used [0x00000000ed280000,0x00000000ed280000,0x00000000edd80000)
 ParOldGen       total 172544K, used 158136K [0x00000000c0000000, 0x00000000ca880000, 0x00000000eab00000)
  object space 172544K, 91% used [0x00000000c0000000,0x00000000c9a6e178,0x00000000ca880000)
 Metaspace       used 38145K, capacity 40529K, committed 40704K, reserved 1085440K
  class space    used 3946K, capacity 4822K, committed 4864K, reserved 1048576K
}
Event: 77.031 GC heap before
{Heap before GC invocations=61 (full 4):
 PSYoungGen      total 51712K, used 50665K [0x00000000eab00000, 0x00000000ee880000, 0x0000000100000000)
  eden space 40448K, 100% used [0x00000000eab00000,0x00000000ed280000,0x00000000ed280000)
  from space 11264K, 90% used [0x00000000edd80000,0x00000000ee77a7f0,0x00000000ee880000)
  to   space 11264K, 0% used [0x00000000ed280000,0x00000000ed280000,0x00000000edd80000)
 ParOldGen       total 172544K, used 158136K [0x00000000c0000000, 0x00000000ca880000, 0x00000000eab00000)
  object space 172544K, 91% used [0x00000000c0000000,0x00000000c9a6e178,0x00000000ca880000)
 Metaspace       used 38153K, capacity 40529K, committed 40704K, reserved 1085440K
  class space    used 3946K, capacity 4822K, committed 4864K, reserved 1048576K
}
Event: 77.355 GC heap after
{Heap after GC invocations=61 (full 4):
 PSYoungGen      total 51712K, used 8963K [0x00000000eab00000, 0x00000000eea80000, 0x0000000100000000)
  eden space 40448K, 0% used [0x00000000eab00000,0x00000000eab00000,0x00000000ed280000)
  from space 11264K, 79% used [0x00000000ed280000,0x00000000edb40e00,0x00000000edd80000)
  to   space 9728K, 0% used [0x00000000ee100000,0x00000000ee100000,0x00000000eea80000)
 ParOldGen       total 172544K, used 168205K [0x00000000c0000000, 0x00000000ca880000, 0x00000000eab00000)
  object space 172544K, 97% used [0x00000000c0000000,0x00000000ca443610,0x00000000ca880000)
 Metaspace       used 38153K, capacity 40529K, committed 40704K, reserved 1085440K
  class space    used 3946K, capacity 4822K, committed 4864K, reserved 1048576K
}
Event: 77.356 GC heap before
{Heap before GC invocations=62 (full 5):
 PSYoungGen      total 51712K, used 8963K [0x00000000eab00000, 0x00000000eea80000, 0x0000000100000000)
  eden space 40448K, 0% used [0x00000000eab00000,0x00000000eab00000,0x00000000ed280000)
  from space 11264K, 79% used [0x00000000ed280000,0x00000000edb40e00,0x00000000edd80000)
  to   space 9728K, 0% used [0x00000000ee100000,0x00000000ee100000,0x00000000eea80000)
 ParOldGen       total 172544K, used 168205K [0x00000000c0000000, 0x00000000ca880000, 0x00000000eab00000)
  object space 172544K, 97% used [0x00000000c0000000,0x00000000ca443610,0x00000000ca880000)
 Metaspace       used 38153K, capacity 40529K, committed 40704K, reserved 1085440K
  class space    used 3946K, capacity 4822K, committed 4864K, reserved 1048576K
}

