# JRE version: OpenJDK Runtime Environment (11.0.14+9) (build 11.0.14+9-Ubuntu-0ubuntu2.16.04)
# Java VM: OpenJDK 64-Bit Server VM (11.0.14+9-Ubuntu-0ubuntu2.16.04, mixed mode, sharing, tiered, compressed oops, parallel gc, linux-amd64)
Heap:
 PSYoungGen      total 10240K, used 0K [0x00000000eab00000, 0x00000000eb800000, 0x0000000100000000)
  eden space 7680K, 0% used [0x00000000eab00000,0x00000000eab00000,0x00000000eb280000)
  from space 2560K, 0% used [0x00000000eb580000,0x00000000eb580000,0x00000000eb800000)
  to   space 2048K, 0% used [0x00000000eb280000,0x00000000eb280000,0x00000000eb480000)
 ParOldGen       total 202240K, used 196872K [0x00000000c0000000, 0x00000000cc580000, 0x00000000eab00000)
  object space 202240K, 97% used [0x00000000c0000000,0x00000000cc0422b8,0x00000000cc580000)
 Metaspace       used 40387K, capacity 43060K, committed 43224K, reserved 1087488K
  class space    used 4154K, capacity 5098K, committed 5120K, reserved 1048576K
GC Heap History (20 events):
Event: 43.406 GC heap after
{Heap after GC invocations=98 (full 5):
 PSYoungGen      total 13312K, used 3562K [0x00000000eab00000, 0x00000000ec000000, 0x0000000100000000)
  eden space 9728K, 0% used [0x00000000eab00000,0x00000000eab00000,0x00000000eb480000)
  from space 3584K, 99% used [0x00000000eb980000,0x00000000ebcfa860,0x00000000ebd00000)
  to   space 5120K, 0% used [0x00000000eb480000,0x00000000eb480000,0x00000000eb980000)
 ParOldGen       total 202240K, used 180212K [0x00000000c0000000, 0x00000000cc580000, 0x00000000eab00000)
  object space 202240K, 89% used [0x00000000c0000000,0x00000000caffd2d0,0x00000000cc580000)
 Metaspace       used 40379K, capacity 43060K, committed 43224K, reserved 1087488K
  class space    used 4154K, capacity 5098K, committed 5120K, reserved 1048576K
}
Event: 43.997 GC heap before
{Heap before GC invocations=99 (full 5):
 PSYoungGen      total 13312K, used 13290K [0x00000000eab00000, 0x00000000ec000000, 0x0000000100000000)
  eden space 9728K, 100% used [0x00000000eab00000,0x00000000eb480000,0x00000000eb480000)
  from space 3584K, 99% used [0x00000000eb980000,0x00000000ebcfa860,0x00000000ebd00000)
  to   space 5120K, 0% used [0x00000000eb480000,0x00000000eb480000,0x00000000eb980000)
 ParOldGen       total 202240K, used 180212K [0x00000000c0000000, 0x00000000cc580000, 0x00000000eab00000)
  object space 202240K, 89% used [0x00000000c0000000,0x00000000caffd2d0,0x00000000cc580000)
 Metaspace       used 40380K, capacity 43060K, committed 43224K, reserved 1087488K
  class space    used 4154K, capacity 5098K, committed 5120K, reserved 1048576K
}
Event: 44.164 GC heap after
{Heap after GC invocations=99 (full 5):
 PSYoungGen      total 11776K, used 1941K [0x00000000eab00000, 0x00000000ebb80000, 0x0000000100000000)
  eden space 9728K, 0% used [0x00000000eab00000,0x00000000eab00000,0x00000000eb480000)
  from space 2048K, 94% used [0x00000000eb480000,0x00000000eb665468,0x00000000eb680000)
  to   space 3072K, 0% used [0x00000000eb880000,0x00000000eb880000,0x00000000ebb80000)
 ParOldGen       total 202240K, used 183769K [0x00000000c0000000, 0x00000000cc580000, 0x00000000eab00000)
  object space 202240K, 90% used [0x00000000c0000000,0x00000000cb3767e0,0x00000000cc580000)
 Metaspace       used 40380K, capacity 43060K, committed 43224K, reserved 1087488K
  class space    used 4154K, capacity 5098K, committed 5120K, reserved 1048576K
}
Event: 46.391 GC heap before
{Heap before GC invocations=100 (full 5):
 PSYoungGen      total 11776K, used 11669K [0x00000000eab00000, 0x00000000ebb80000, 0x0000000100000000)
  eden space 9728K, 100% used [0x00000000eab00000,0x00000000eb480000,0x00000000eb480000)
  from space 2048K, 94% used [0x00000000eb480000,0x00000000eb665468,0x00000000eb680000)
  to   space 3072K, 0% used [0x00000000eb880000,0x00000000eb880000,0x00000000ebb80000)
 ParOldGen       total 202240K, used 183769K [0x00000000c0000000, 0x00000000cc580000, 0x00000000eab00000)
  object space 202240K, 90% used [0x00000000c0000000,0x00000000cb3767e0,0x00000000cc580000)
 Metaspace       used 40384K, capacity 43060K, committed 43224K, reserved 1087488K
  class space    used 4154K, capacity 5098K, committed 5120K, reserved 1048576K
}
Event: 47.332 GC heap after
{Heap after GC invocations=100 (full 5):
 PSYoungGen      total 11776K, used 3065K [0x00000000eab00000, 0x00000000ebf80000, 0x0000000100000000)
  eden space 8704K, 0% used [0x00000000eab00000,0x00000000eab00000,0x00000000eb380000)
  from space 3072K, 99% used [0x00000000eb880000,0x00000000ebb7e7d8,0x00000000ebb80000)
  to   space 5120K, 0% used [0x00000000eb380000,0x00000000eb380000,0x00000000eb880000)
 ParOldGen       total 202240K, used 185045K [0x00000000c0000000, 0x00000000cc580000, 0x00000000eab00000)
  object space 202240K, 91% used [0x00000000c0000000,0x00000000cb4b5788,0x00000000cc580000)
 Metaspace       used 40384K, capacity 43060K, committed 43224K, reserved 1087488K
  class space    used 4154K, capacity 5098K, committed 5120K, reserved 1048576K
}
Event: 48.076 GC heap before
{Heap before GC invocations=101 (full 5):
 PSYoungGen      total 11776K, used 11769K [0x00000000eab00000, 0x00000000ebf80000, 0x0000000100000000)
  eden space 8704K, 100% used [0x00000000eab00000,0x00000000eb380000,0x00000000eb380000)
  from space 3072K, 99% used [0x00000000eb880000,0x00000000ebb7e7d8,0x00000000ebb80000)
  to   space 5120K, 0% used [0x00000000eb380000,0x00000000eb380000,0x00000000eb880000)
 ParOldGen       total 202240K, used 185045K [0x00000000c0000000, 0x00000000cc580000, 0x00000000eab00000)
  object space 202240K, 91% used [0x00000000c0000000,0x00000000cb4b5788,0x00000000cc580000)
 Metaspace       used 40384K, capacity 43060K, committed 43224K, reserved 1087488K
  class space    used 4154K, capacity 5098K, committed 5120K, reserved 1048576K
}
Event: 48.194 GC heap after
{Heap after GC invocations=101 (full 5):
 PSYoungGen      total 10752K, used 2021K [0x00000000eab00000, 0x00000000eba80000, 0x0000000100000000)
  eden space 8704K, 0% used [0x00000000eab00000,0x00000000eab00000,0x00000000eb380000)
  from space 2048K, 98% used [0x00000000eb380000,0x00000000eb579668,0x00000000eb580000)
  to   space 3072K, 0% used [0x00000000eb780000,0x00000000eb780000,0x00000000eba80000)
 ParOldGen       total 202240K, used 188138K [0x00000000c0000000, 0x00000000cc580000, 0x00000000eab00000)
  object space 202240K, 93% used [0x00000000c0000000,0x00000000cb7bab10,0x00000000cc580000)
 Metaspace       used 40384K, capacity 43060K, committed 43224K, reserved 1087488K
  class space    used 4154K, capacity 5098K, committed 5120K, reserved 1048576K
}
Event: 48.647 GC heap before
{Heap before GC invocations=102 (full 5):
 PSYoungGen      total 10752K, used 10725K [0x00000000eab00000, 0x00000000eba80000, 0x0000000100000000)
  eden space 8704K, 100% used [0x00000000eab00000,0x00000000eb380000,0x00000000eb380000)
  from space 2048K, 98% used [0x00000000eb380000,0x00000000eb579668,0x00000000eb580000)
  to   space 3072K, 0% used [0x00000000eb780000,0x00000000eb780000,0x00000000eba80000)
 ParOldGen       total 202240K, used 188138K [0x00000000c0000000, 0x00000000cc580000, 0x00000000eab00000)
  object space 202240K, 93% used [0x00000000c0000000,0x00000000cb7bab10,0x00000000cc580000)
 Metaspace       used 40386K, capacity 43060K, committed 43224K, reserved 1087488K
  class space    used 4154K, capacity 5098K, committed 5120K, reserved 1048576K
}
Event: 48.662 GC heap after
{Heap after GC invocations=102 (full 5):
 PSYoungGen      total 11264K, used 3050K [0x00000000eab00000, 0x00000000ebd80000, 0x0000000100000000)
  eden space 8192K, 0% used [0x00000000eab00000,0x00000000eab00000,0x00000000eb300000)
  from space 3072K, 99% used [0x00000000eb780000,0x00000000eba7aad0,0x00000000eba80000)
  to   space 4608K, 0% used [0x00000000eb300000,0x00000000eb300000,0x00000000eb780000)
 ParOldGen       total 202240K, used 188986K [0x00000000c0000000, 0x00000000cc580000, 0x00000000eab00000)
  object space 202240K, 93% used [0x00000000c0000000,0x00000000cb88eb80,0x00000000cc580000)
 Metaspace       used 40386K, capacity 43060K, committed 43224K, reserved 1087488K
  class space    used 4154K, capacity 5098K, committed 5120K, reserved 1048576K
}
Event: 48.809 GC heap before
{Heap before GC invocations=103 (full 5):
 PSYoungGen      total 11264K, used 11242K [0x00000000eab00000, 0x00000000ebd80000, 0x0000000100000000)
  eden space 8192K, 100% used [0x00000000eab00000,0x00000000eb300000,0x00000000eb300000)
  from space 3072K, 99% used [0x00000000eb780000,0x00000000eba7aad0,0x00000000eba80000)
  to   space 4608K, 0% used [0x00000000eb300000,0x00000000eb300000,0x00000000eb780000)
 ParOldGen       total 202240K, used 188986K [0x00000000c0000000, 0x00000000cc580000, 0x00000000eab00000)
  object space 202240K, 93% used [0x00000000c0000000,0x00000000cb88eb80,0x00000000cc580000)
 Metaspace       used 40386K, capacity 43060K, committed 43224K, reserved 1087488K
  class space    used 4154K, capacity 5098K, committed 5120K, reserved 1048576K
}
Event: 48.845 GC heap after
{Heap after GC invocations=103 (full 5):
 PSYoungGen      total 10240K, used 1947K [0x00000000eab00000, 0x00000000eba00000, 0x0000000100000000)
  eden space 8192K, 0% used [0x00000000eab00000,0x00000000eab00000,0x00000000eb300000)
  from space 2048K, 95% used [0x00000000eb300000,0x00000000eb4e6df8,0x00000000eb500000)
  to   space 3072K, 0% used [0x00000000eb700000,0x00000000eb700000,0x00000000eba00000)
 ParOldGen       total 202240K, used 192048K [0x00000000c0000000, 0x00000000cc580000, 0x00000000eab00000)
  object space 202240K, 94% used [0x00000000c0000000,0x00000000cbb8c1f0,0x00000000cc580000)
 Metaspace       used 40386K, capacity 43060K, committed 43224K, reserved 1087488K
  class space    used 4154K, capacity 5098K, committed 5120K, reserved 1048576K
}
Event: 50.405 GC heap before
{Heap before GC invocations=104 (full 5):
 PSYoungGen      total 10240K, used 10139K [0x00000000eab00000, 0x00000000eba00000, 0x0000000100000000)
  eden space 8192K, 100% used [0x00000000eab00000,0x00000000eb300000,0x00000000eb300000)
  from space 2048K, 95% used [0x00000000eb300000,0x00000000eb4e6df8,0x00000000eb500000)
  to   space 3072K, 0% used [0x00000000eb700000,0x00000000eb700000,0x00000000eba00000)
 ParOldGen       total 202240K, used 192048K [0x00000000c0000000, 0x00000000cc580000, 0x00000000eab00000)
  object space 202240K, 94% used [0x00000000c0000000,0x00000000cbb8c1f0,0x00000000cc580000)
 Metaspace       used 40386K, capacity 43060K, committed 43224K, reserved 1087488K
  class space    used 4154K, capacity 5098K, committed 5120K, reserved 1048576K
}
Event: 50.500 GC heap after
{Heap after GC invocations=104 (full 5):
 PSYoungGen      total 10752K, used 3060K [0x00000000eab00000, 0x00000000ebd00000, 0x0000000100000000)
  eden space 7680K, 0% used [0x00000000eab00000,0x00000000eab00000,0x00000000eb280000)
  from space 3072K, 99% used [0x00000000eb700000,0x00000000eb9fd2b8,0x00000000eba00000)
  to   space 4608K, 0% used [0x00000000eb280000,0x00000000eb280000,0x00000000eb700000)
 ParOldGen       total 202240K, used 192836K [0x00000000c0000000, 0x00000000cc580000, 0x00000000eab00000)
  object space 202240K, 95% used [0x00000000c0000000,0x00000000cbc512f0,0x00000000cc580000)
 Metaspace       used 40386K, capacity 43060K, committed 43224K, reserved 1087488K
  class space    used 4154K, capacity 5098K, committed 5120K, reserved 1048576K
}
Event: 51.562 GC heap before
{Heap before GC invocations=105 (full 5):
 PSYoungGen      total 10752K, used 10739K [0x00000000eab00000, 0x00000000ebd00000, 0x0000000100000000)
  eden space 7680K, 99% used [0x00000000eab00000,0x00000000eb27fbc8,0x00000000eb280000)
  from space 3072K, 99% used [0x00000000eb700000,0x00000000eb9fd2b8,0x00000000eba00000)
  to   space 4608K, 0% used [0x00000000eb280000,0x00000000eb280000,0x00000000eb700000)
 ParOldGen       total 202240K, used 192836K [0x00000000c0000000, 0x00000000cc580000, 0x00000000eab00000)
  object space 202240K, 95% used [0x00000000c0000000,0x00000000cbc512f0,0x00000000cc580000)
 Metaspace       used 40386K, capacity 43060K, committed 43224K, reserved 1087488K
  class space    used 4154K, capacity 5098K, committed 5120K, reserved 1048576K
}
Event: 51.802 GC heap after
{Heap after GC invocations=105 (full 5):
 PSYoungGen      total 9728K, used 1906K [0x00000000eab00000, 0x00000000eb980000, 0x0000000100000000)
  eden space 7680K, 0% used [0x00000000eab00000,0x00000000eab00000,0x00000000eb280000)
  from space 2048K, 93% used [0x00000000eb280000,0x00000000eb45ca28,0x00000000eb480000)
  to   space 3072K, 0% used [0x00000000eb680000,0x00000000eb680000,0x00000000eb980000)
 ParOldGen       total 202240K, used 195940K [0x00000000c0000000, 0x00000000cc580000, 0x00000000eab00000)
  object space 202240K, 96% used [0x00000000c0000000,0x00000000cbf593d8,0x00000000cc580000)
 Metaspace       used 40386K, capacity 43060K, committed 43224K, reserved 1087488K
  class space    used 4154K, capacity 5098K, committed 5120K, reserved 1048576K
}
Event: 54.247 GC heap before
{Heap before GC invocations=106 (full 5):
 PSYoungGen      total 9728K, used 9586K [0x00000000eab00000, 0x00000000eb980000, 0x0000000100000000)
  eden space 7680K, 100% used [0x00000000eab00000,0x00000000eb280000,0x00000000eb280000)
  from space 2048K, 93% used [0x00000000eb280000,0x00000000eb45ca28,0x00000000eb480000)
  to   space 3072K, 0% used [0x00000000eb680000,0x00000000eb680000,0x00000000eb980000)
 ParOldGen       total 202240K, used 195940K [0x00000000c0000000, 0x00000000cc580000, 0x00000000eab00000)
  object space 202240K, 96% used [0x00000000c0000000,0x00000000cbf593d8,0x00000000cc580000)
 Metaspace       used 40387K, capacity 43060K, committed 43224K, reserved 1087488K
  class space    used 4154K, capacity 5098K, committed 5120K, reserved 1048576K
}
Event: 54.302 GC heap after
{Heap after GC invocations=106 (full 5):
 PSYoungGen      total 10752K, used 3069K [0x00000000eab00000, 0x00000000ebb00000, 0x0000000100000000)
  eden space 7680K, 0% used [0x00000000eab00000,0x00000000eab00000,0x00000000eb280000)
  from space 3072K, 99% used [0x00000000eb680000,0x00000000eb97f450,0x00000000eb980000)
  to   space 4096K, 0% used [0x00000000eb280000,0x00000000eb280000,0x00000000eb680000)
 ParOldGen       total 202240K, used 196300K [0x00000000c0000000, 0x00000000cc580000, 0x00000000eab00000)
  object space 202240K, 97% used [0x00000000c0000000,0x00000000cbfb3128,0x00000000cc580000)
 Metaspace       used 40387K, capacity 43060K, committed 43224K, reserved 1087488K
  class space    used 4154K, capacity 5098K, committed 5120K, reserved 1048576K
}
Event: 56.803 GC heap before
{Heap before GC invocations=107 (full 5):
 PSYoungGen      total 10752K, used 10749K [0x00000000eab00000, 0x00000000ebb00000, 0x0000000100000000)
  eden space 7680K, 100% used [0x00000000eab00000,0x00000000eb280000,0x00000000eb280000)
  from space 3072K, 99% used [0x00000000eb680000,0x00000000eb97f450,0x00000000eb980000)
  to   space 4096K, 0% used [0x00000000eb280000,0x00000000eb280000,0x00000000eb680000)
 ParOldGen       total 202240K, used 196300K [0x00000000c0000000, 0x00000000cc580000, 0x00000000eab00000)
  object space 202240K, 97% used [0x00000000c0000000,0x00000000cbfb3128,0x00000000cc580000)
 Metaspace       used 40387K, capacity 43060K, committed 43224K, reserved 1087488K
  class space    used 4154K, capacity 5098K, committed 5120K, reserved 1048576K
}
Event: 57.008 GC heap after
{Heap after GC invocations=107 (full 5):
 PSYoungGen      total 9728K, used 2021K [0x00000000eab00000, 0x00000000eb800000, 0x0000000100000000)
  eden space 7680K, 0% used [0x00000000eab00000,0x00000000eab00000,0x00000000eb280000)
  from space 2048K, 98% used [0x00000000eb280000,0x00000000eb4797c8,0x00000000eb480000)
  to   space 2560K, 0% used [0x00000000eb580000,0x00000000eb580000,0x00000000eb800000)
 ParOldGen       total 202240K, used 199430K [0x00000000c0000000, 0x00000000cc580000, 0x00000000eab00000)
  object space 202240K, 98% used [0x00000000c0000000,0x00000000cc2c1af0,0x00000000cc580000)
 Metaspace       used 40387K, capacity 43060K, committed 43224K, reserved 1087488K
  class space    used 4154K, capacity 5098K, committed 5120K, reserved 1048576K
}
Event: 57.022 GC heap before
{Heap before GC invocations=108 (full 6):
 PSYoungGen      total 9728K, used 2021K [0x00000000eab00000, 0x00000000eb800000, 0x0000000100000000)
  eden space 7680K, 0% used [0x00000000eab00000,0x00000000eab00000,0x00000000eb280000)
  from space 2048K, 98% used [0x00000000eb280000,0x00000000eb4797c8,0x00000000eb480000)
  to   space 2560K, 0% used [0x00000000eb580000,0x00000000eb580000,0x00000000eb800000)
 ParOldGen       total 202240K, used 199430K [0x00000000c0000000, 0x00000000cc580000, 0x00000000eab00000)
  object space 202240K, 98% used [0x00000000c0000000,0x00000000cc2c1af0,0x00000000cc580000)
 Metaspace       used 40387K, capacity 43060K, committed 43224K, reserved 1087488K
  class space    used 4154K, capacity 5098K, committed 5120K, reserved 1048576K
}

