# JRE version: OpenJDK Runtime Environment (11.0.14+9) (build 11.0.14+9-Ubuntu-0ubuntu2.16.04)
# Java VM: OpenJDK 64-Bit Server VM (11.0.14+9-Ubuntu-0ubuntu2.16.04, mixed mode, sharing, tiered, compressed oops, parallel gc, linux-amd64)
Heap:
 PSYoungGen      total 39424K, used 0K [0x00000000eab00000, 0x00000000eda00000, 0x0000000100000000)
  eden space 31232K, 0% used [0x00000000eab00000,0x00000000eab00000,0x00000000ec980000)
  from space 8192K, 0% used [0x00000000eca00000,0x00000000eca00000,0x00000000ed200000)
  to   space 5632K, 0% used [0x00000000ed480000,0x00000000ed480000,0x00000000eda00000)
 ParOldGen       total 139264K, used 138182K [0x00000000c0000000, 0x00000000c8800000, 0x00000000eab00000)
  object space 139264K, 99% used [0x00000000c0000000,0x00000000c86f1a48,0x00000000c8800000)
 Metaspace       used 39044K, capacity 41629K, committed 41816K, reserved 1085440K
  class space    used 4019K, capacity 4978K, committed 4992K, reserved 1048576K
GC Heap History (20 events):
Event: 17.597 GC heap after
{Heap after GC invocations=43 (full 4):
 PSYoungGen      total 21504K, used 4070K [0x00000000eab00000, 0x00000000ec780000, 0x0000000100000000)
  eden space 17408K, 0% used [0x00000000eab00000,0x00000000eab00000,0x00000000ebc00000)
  from space 4096K, 99% used [0x00000000ebc00000,0x00000000ebff9900,0x00000000ec000000)
  to   space 5120K, 0% used [0x00000000ec280000,0x00000000ec280000,0x00000000ec780000)
 ParOldGen       total 137216K, used 100177K [0x00000000c0000000, 0x00000000c8600000, 0x00000000eab00000)
  object space 137216K, 73% used [0x00000000c0000000,0x00000000c61d4730,0x00000000c8600000)
 Metaspace       used 37850K, capacity 40135K, committed 40408K, reserved 1085440K
  class space    used 3917K, capacity 4783K, committed 4864K, reserved 1048576K
}
Event: 17.867 GC heap before
{Heap before GC invocations=44 (full 4):
 PSYoungGen      total 21504K, used 21478K [0x00000000eab00000, 0x00000000ec780000, 0x0000000100000000)
  eden space 17408K, 100% used [0x00000000eab00000,0x00000000ebc00000,0x00000000ebc00000)
  from space 4096K, 99% used [0x00000000ebc00000,0x00000000ebff9900,0x00000000ec000000)
  to   space 5120K, 0% used [0x00000000ec280000,0x00000000ec280000,0x00000000ec780000)
 ParOldGen       total 137216K, used 100177K [0x00000000c0000000, 0x00000000c8600000, 0x00000000eab00000)
  object space 137216K, 73% used [0x00000000c0000000,0x00000000c61d4730,0x00000000c8600000)
 Metaspace       used 37994K, capacity 40305K, committed 40664K, reserved 1085440K
  class space    used 3926K, capacity 4790K, committed 4864K, reserved 1048576K
}
Event: 17.901 GC heap after
{Heap after GC invocations=44 (full 4):
 PSYoungGen      total 23040K, used 3582K [0x00000000eab00000, 0x00000000ec600000, 0x0000000100000000)
  eden space 19456K, 0% used [0x00000000eab00000,0x00000000eab00000,0x00000000ebe00000)
  from space 3584K, 99% used [0x00000000ec280000,0x00000000ec5ffb68,0x00000000ec600000)
  to   space 4096K, 0% used [0x00000000ebe00000,0x00000000ebe00000,0x00000000ec200000)
 ParOldGen       total 137216K, used 104169K [0x00000000c0000000, 0x00000000c8600000, 0x00000000eab00000)
  object space 137216K, 75% used [0x00000000c0000000,0x00000000c65ba510,0x00000000c8600000)
 Metaspace       used 37994K, capacity 40305K, committed 40664K, reserved 1085440K
  class space    used 3926K, capacity 4790K, committed 4864K, reserved 1048576K
}
Event: 18.245 GC heap before
{Heap before GC invocations=45 (full 4):
 PSYoungGen      total 23040K, used 23038K [0x00000000eab00000, 0x00000000ec600000, 0x0000000100000000)
  eden space 19456K, 100% used [0x00000000eab00000,0x00000000ebe00000,0x00000000ebe00000)
  from space 3584K, 99% used [0x00000000ec280000,0x00000000ec5ffb68,0x00000000ec600000)
  to   space 4096K, 0% used [0x00000000ebe00000,0x00000000ebe00000,0x00000000ec200000)
 ParOldGen       total 137216K, used 104169K [0x00000000c0000000, 0x00000000c8600000, 0x00000000eab00000)
  object space 137216K, 75% used [0x00000000c0000000,0x00000000c65ba510,0x00000000c8600000)
 Metaspace       used 38189K, capacity 40535K, committed 40664K, reserved 1085440K
  class space    used 3942K, capacity 4824K, committed 4864K, reserved 1048576K
}
Event: 18.277 GC heap after
{Heap after GC invocations=45 (full 4):
 PSYoungGen      total 23552K, used 4087K [0x00000000eab00000, 0x00000000ed000000, 0x0000000100000000)
  eden space 19456K, 0% used [0x00000000eab00000,0x00000000eab00000,0x00000000ebe00000)
  from space 4096K, 99% used [0x00000000ebe00000,0x00000000ec1fdd70,0x00000000ec200000)
  to   space 8192K, 0% used [0x00000000ec800000,0x00000000ec800000,0x00000000ed000000)
 ParOldGen       total 137216K, used 107226K [0x00000000c0000000, 0x00000000c8600000, 0x00000000eab00000)
  object space 137216K, 78% used [0x00000000c0000000,0x00000000c68b6b30,0x00000000c8600000)
 Metaspace       used 38189K, capacity 40535K, committed 40664K, reserved 1085440K
  class space    used 3942K, capacity 4824K, committed 4864K, reserved 1048576K
}
Event: 18.581 GC heap before
{Heap before GC invocations=46 (full 4):
 PSYoungGen      total 23552K, used 23543K [0x00000000eab00000, 0x00000000ed000000, 0x0000000100000000)
  eden space 19456K, 100% used [0x00000000eab00000,0x00000000ebe00000,0x00000000ebe00000)
  from space 4096K, 99% used [0x00000000ebe00000,0x00000000ec1fdd70,0x00000000ec200000)
  to   space 8192K, 0% used [0x00000000ec800000,0x00000000ec800000,0x00000000ed000000)
 ParOldGen       total 137216K, used 107226K [0x00000000c0000000, 0x00000000c8600000, 0x00000000eab00000)
  object space 137216K, 78% used [0x00000000c0000000,0x00000000c68b6b30,0x00000000c8600000)
 Metaspace       used 38214K, capacity 40535K, committed 40664K, reserved 1085440K
  class space    used 3942K, capacity 4824K, committed 4864K, reserved 1048576K
}
Event: 18.602 GC heap after
{Heap after GC invocations=46 (full 4):
 PSYoungGen      total 25600K, used 3677K [0x00000000eab00000, 0x00000000ecc00000, 0x0000000100000000)
  eden space 21504K, 0% used [0x00000000eab00000,0x00000000eab00000,0x00000000ec000000)
  from space 4096K, 89% used [0x00000000ec800000,0x00000000ecb97408,0x00000000ecc00000)
  to   space 5120K, 0% used [0x00000000ec200000,0x00000000ec200000,0x00000000ec700000)
 ParOldGen       total 137216K, used 111256K [0x00000000c0000000, 0x00000000c8600000, 0x00000000eab00000)
  object space 137216K, 81% used [0x00000000c0000000,0x00000000c6ca60c0,0x00000000c8600000)
 Metaspace       used 38214K, capacity 40535K, committed 40664K, reserved 1085440K
  class space    used 3942K, capacity 4824K, committed 4864K, reserved 1048576K
}
Event: 18.957 GC heap before
{Heap before GC invocations=47 (full 4):
 PSYoungGen      total 25600K, used 25181K [0x00000000eab00000, 0x00000000ecc00000, 0x0000000100000000)
  eden space 21504K, 100% used [0x00000000eab00000,0x00000000ec000000,0x00000000ec000000)
  from space 4096K, 89% used [0x00000000ec800000,0x00000000ecb97408,0x00000000ecc00000)
  to   space 5120K, 0% used [0x00000000ec200000,0x00000000ec200000,0x00000000ec700000)
 ParOldGen       total 137216K, used 111256K [0x00000000c0000000, 0x00000000c8600000, 0x00000000eab00000)
  object space 137216K, 81% used [0x00000000c0000000,0x00000000c6ca60c0,0x00000000c8600000)
 Metaspace       used 38252K, capacity 40599K, committed 40920K, reserved 1085440K
  class space    used 3943K, capacity 4824K, committed 4864K, reserved 1048576K
}
Event: 18.977 GC heap after
{Heap after GC invocations=47 (full 4):
 PSYoungGen      total 28672K, used 5109K [0x00000000eab00000, 0x00000000ed200000, 0x0000000100000000)
  eden space 23552K, 0% used [0x00000000eab00000,0x00000000eab00000,0x00000000ec200000)
  from space 5120K, 99% used [0x00000000ec200000,0x00000000ec6fd6a8,0x00000000ec700000)
  to   space 8192K, 0% used [0x00000000eca00000,0x00000000eca00000,0x00000000ed200000)
 ParOldGen       total 137216K, used 113586K [0x00000000c0000000, 0x00000000c8600000, 0x00000000eab00000)
  object space 137216K, 82% used [0x00000000c0000000,0x00000000c6eec8e8,0x00000000c8600000)
 Metaspace       used 38252K, capacity 40599K, committed 40920K, reserved 1085440K
  class space    used 3943K, capacity 4824K, committed 4864K, reserved 1048576K
}
Event: 19.279 GC heap before
{Heap before GC invocations=48 (full 4):
 PSYoungGen      total 28672K, used 28661K [0x00000000eab00000, 0x00000000ed200000, 0x0000000100000000)
  eden space 23552K, 100% used [0x00000000eab00000,0x00000000ec200000,0x00000000ec200000)
  from space 5120K, 99% used [0x00000000ec200000,0x00000000ec6fd6a8,0x00000000ec700000)
  to   space 8192K, 0% used [0x00000000eca00000,0x00000000eca00000,0x00000000ed200000)
 ParOldGen       total 137216K, used 113586K [0x00000000c0000000, 0x00000000c8600000, 0x00000000eab00000)
  object space 137216K, 82% used [0x00000000c0000000,0x00000000c6eec8e8,0x00000000c8600000)
 Metaspace       used 38278K, capacity 40599K, committed 40920K, reserved 1085440K
  class space    used 3943K, capacity 4824K, committed 4864K, reserved 1048576K
}
Event: 19.314 GC heap after
{Heap after GC invocations=48 (full 4):
 PSYoungGen      total 30720K, used 4125K [0x00000000eab00000, 0x00000000ecf00000, 0x0000000100000000)
  eden space 25600K, 0% used [0x00000000eab00000,0x00000000eab00000,0x00000000ec400000)
  from space 5120K, 80% used [0x00000000eca00000,0x00000000ece07640,0x00000000ecf00000)
  to   space 5632K, 0% used [0x00000000ec400000,0x00000000ec400000,0x00000000ec980000)
 ParOldGen       total 137216K, used 118584K [0x00000000c0000000, 0x00000000c8600000, 0x00000000eab00000)
  object space 137216K, 86% used [0x00000000c0000000,0x00000000c73ce3d0,0x00000000c8600000)
 Metaspace       used 38278K, capacity 40599K, committed 40920K, reserved 1085440K
  class space    used 3943K, capacity 4824K, committed 4864K, reserved 1048576K
}
Event: 19.831 GC heap before
{Heap before GC invocations=49 (full 4):
 PSYoungGen      total 30720K, used 29725K [0x00000000eab00000, 0x00000000ecf00000, 0x0000000100000000)
  eden space 25600K, 100% used [0x00000000eab00000,0x00000000ec400000,0x00000000ec400000)
  from space 5120K, 80% used [0x00000000eca00000,0x00000000ece07640,0x00000000ecf00000)
  to   space 5632K, 0% used [0x00000000ec400000,0x00000000ec400000,0x00000000ec980000)
 ParOldGen       total 137216K, used 118584K [0x00000000c0000000, 0x00000000c8600000, 0x00000000eab00000)
  object space 137216K, 86% used [0x00000000c0000000,0x00000000c73ce3d0,0x00000000c8600000)
 Metaspace       used 38530K, capacity 40799K, committed 40920K, reserved 1085440K
  class space    used 3963K, capacity 4828K, committed 4864K, reserved 1048576K
}
Event: 19.851 GC heap after
{Heap after GC invocations=49 (full 4):
 PSYoungGen      total 31232K, used 5631K [0x00000000eab00000, 0x00000000eda00000, 0x0000000100000000)
  eden space 25600K, 0% used [0x00000000eab00000,0x00000000eab00000,0x00000000ec400000)
  from space 5632K, 99% used [0x00000000ec400000,0x00000000ec97fd98,0x00000000ec980000)
  to   space 10240K, 0% used [0x00000000ed000000,0x00000000ed000000,0x00000000eda00000)
 ParOldGen       total 137216K, used 122119K [0x00000000c0000000, 0x00000000c8600000, 0x00000000eab00000)
  object space 137216K, 88% used [0x00000000c0000000,0x00000000c7741f20,0x00000000c8600000)
 Metaspace       used 38530K, capacity 40799K, committed 40920K, reserved 1085440K
  class space    used 3963K, capacity 4828K, committed 4864K, reserved 1048576K
}
Event: 20.197 GC heap before
{Heap before GC invocations=50 (full 4):
 PSYoungGen      total 31232K, used 31231K [0x00000000eab00000, 0x00000000eda00000, 0x0000000100000000)
  eden space 25600K, 100% used [0x00000000eab00000,0x00000000ec400000,0x00000000ec400000)
  from space 5632K, 99% used [0x00000000ec400000,0x00000000ec97fd98,0x00000000ec980000)
  to   space 10240K, 0% used [0x00000000ed000000,0x00000000ed000000,0x00000000eda00000)
 ParOldGen       total 137216K, used 122119K [0x00000000c0000000, 0x00000000c8600000, 0x00000000eab00000)
  object space 137216K, 88% used [0x00000000c0000000,0x00000000c7741f20,0x00000000c8600000)
 Metaspace       used 38815K, capacity 41315K, committed 41560K, reserved 1085440K
  class space    used 3991K, capacity 4896K, committed 4992K, reserved 1048576K
}
Event: 20.217 GC heap after
{Heap after GC invocations=50 (full 4):
 PSYoungGen      total 33280K, used 5541K [0x00000000eab00000, 0x00000000ed580000, 0x0000000100000000)
  eden space 27648K, 0% used [0x00000000eab00000,0x00000000eab00000,0x00000000ec600000)
  from space 5632K, 98% used [0x00000000ed000000,0x00000000ed569480,0x00000000ed580000)
  to   space 7168K, 0% used [0x00000000ec780000,0x00000000ec780000,0x00000000ece80000)
 ParOldGen       total 137216K, used 127597K [0x00000000c0000000, 0x00000000c8600000, 0x00000000eab00000)
  object space 137216K, 92% used [0x00000000c0000000,0x00000000c7c9b7f8,0x00000000c8600000)
 Metaspace       used 38815K, capacity 41315K, committed 41560K, reserved 1085440K
  class space    used 3991K, capacity 4896K, committed 4992K, reserved 1048576K
}
Event: 20.563 GC heap before
{Heap before GC invocations=51 (full 4):
 PSYoungGen      total 33280K, used 33189K [0x00000000eab00000, 0x00000000ed580000, 0x0000000100000000)
  eden space 27648K, 100% used [0x00000000eab00000,0x00000000ec600000,0x00000000ec600000)
  from space 5632K, 98% used [0x00000000ed000000,0x00000000ed569480,0x00000000ed580000)
  to   space 7168K, 0% used [0x00000000ec780000,0x00000000ec780000,0x00000000ece80000)
 ParOldGen       total 137216K, used 127597K [0x00000000c0000000, 0x00000000c8600000, 0x00000000eab00000)
  object space 137216K, 92% used [0x00000000c0000000,0x00000000c7c9b7f8,0x00000000c8600000)
 Metaspace       used 38855K, capacity 41331K, committed 41560K, reserved 1085440K
  class space    used 3996K, capacity 4900K, committed 4992K, reserved 1048576K
}
Event: 20.582 GC heap after
{Heap after GC invocations=51 (full 4):
 PSYoungGen      total 36352K, used 7156K [0x00000000eab00000, 0x00000000ee100000, 0x0000000100000000)
  eden space 29184K, 0% used [0x00000000eab00000,0x00000000eab00000,0x00000000ec780000)
  from space 7168K, 99% used [0x00000000ec780000,0x00000000ece7d1f0,0x00000000ece80000)
  to   space 12800K, 0% used [0x00000000ed480000,0x00000000ed480000,0x00000000ee100000)
 ParOldGen       total 137216K, used 132046K [0x00000000c0000000, 0x00000000c8600000, 0x00000000eab00000)
  object space 137216K, 96% used [0x00000000c0000000,0x00000000c80f3950,0x00000000c8600000)
 Metaspace       used 38855K, capacity 41331K, committed 41560K, reserved 1085440K
  class space    used 3996K, capacity 4900K, committed 4992K, reserved 1048576K
}
Event: 20.951 GC heap before
{Heap before GC invocations=52 (full 4):
 PSYoungGen      total 36352K, used 36340K [0x00000000eab00000, 0x00000000ee100000, 0x0000000100000000)
  eden space 29184K, 100% used [0x00000000eab00000,0x00000000ec780000,0x00000000ec780000)
  from space 7168K, 99% used [0x00000000ec780000,0x00000000ece7d1f0,0x00000000ece80000)
  to   space 12800K, 0% used [0x00000000ed480000,0x00000000ed480000,0x00000000ee100000)
 ParOldGen       total 137216K, used 132046K [0x00000000c0000000, 0x00000000c8600000, 0x00000000eab00000)
  object space 137216K, 96% used [0x00000000c0000000,0x00000000c80f3950,0x00000000c8600000)
 Metaspace       used 39044K, capacity 41629K, committed 41816K, reserved 1085440K
  class space    used 4019K, capacity 4978K, committed 4992K, reserved 1048576K
}
Event: 20.978 GC heap after
{Heap after GC invocations=52 (full 4):
 PSYoungGen      total 36864K, used 5609K [0x00000000eab00000, 0x00000000eda00000, 0x0000000100000000)
  eden space 31232K, 0% used [0x00000000eab00000,0x00000000eab00000,0x00000000ec980000)
  from space 5632K, 99% used [0x00000000ed480000,0x00000000ed9fa4c8,0x00000000eda00000)
  to   space 8192K, 0% used [0x00000000eca00000,0x00000000eca00000,0x00000000ed200000)
 ParOldGen       total 139264K, used 139097K [0x00000000c0000000, 0x00000000c8800000, 0x00000000eab00000)
  object space 139264K, 99% used [0x00000000c0000000,0x00000000c87d6408,0x00000000c8800000)
 Metaspace       used 39044K, capacity 41629K, committed 41816K, reserved 1085440K
  class space    used 4019K, capacity 4978K, committed 4992K, reserved 1048576K
}
Event: 20.981 GC heap before
{Heap before GC invocations=53 (full 5):
 PSYoungGen      total 36864K, used 5609K [0x00000000eab00000, 0x00000000eda00000, 0x0000000100000000)
  eden space 31232K, 0% used [0x00000000eab00000,0x00000000eab00000,0x00000000ec980000)
  from space 5632K, 99% used [0x00000000ed480000,0x00000000ed9fa4c8,0x00000000eda00000)
  to   space 8192K, 0% used [0x00000000eca00000,0x00000000eca00000,0x00000000ed200000)
 ParOldGen       total 139264K, used 139097K [0x00000000c0000000, 0x00000000c8800000, 0x00000000eab00000)
  object space 139264K, 99% used [0x00000000c0000000,0x00000000c87d6408,0x00000000c8800000)
 Metaspace       used 39044K, capacity 41629K, committed 41816K, reserved 1085440K
  class space    used 4019K, capacity 4978K, committed 4992K, reserved 1048576K
}

