# JRE version: OpenJDK Runtime Environment (11.0.14+9) (build 11.0.14+9-Ubuntu-0ubuntu2.16.04)
# Java VM: OpenJDK 64-Bit Server VM (11.0.14+9-Ubuntu-0ubuntu2.16.04, mixed mode, sharing, tiered, compressed oops, parallel gc, linux-amd64)
Heap:
 PSYoungGen      total 57344K, used 6710K [0x00000000eab00000, 0x00000000ef400000, 0x0000000100000000)
  eden space 46080K, 0% used [0x00000000eab00000,0x00000000eab00000,0x00000000ed800000)
  from space 11264K, 59% used [0x00000000ee900000,0x00000000eef8d9e8,0x00000000ef400000)
  to   space 13312K, 0% used [0x00000000eda00000,0x00000000eda00000,0x00000000ee700000)
 ParOldGen       total 286208K, used 285901K [0x00000000c0000000, 0x00000000d1780000, 0x00000000eab00000)
  object space 286208K, 99% used [0x00000000c0000000,0x00000000d1733688,0x00000000d1780000)
 Metaspace       used 45954K, capacity 48756K, committed 48944K, reserved 1093632K
  class space    used 4746K, capacity 5708K, committed 5760K, reserved 1048576K
GC Heap History (20 events):
Event: 43.409 GC heap after
{Heap after GC invocations=107 (full 6):
 PSYoungGen      total 34816K, used 7153K [0x00000000eab00000, 0x00000000edf80000, 0x0000000100000000)
  eden space 27648K, 0% used [0x00000000eab00000,0x00000000eab00000,0x00000000ec600000)
  from space 7168K, 99% used [0x00000000ec600000,0x00000000eccfc688,0x00000000ecd00000)
  to   space 12800K, 0% used [0x00000000ed300000,0x00000000ed300000,0x00000000edf80000)
 ParOldGen       total 282624K, used 222519K [0x00000000c0000000, 0x00000000d1400000, 0x00000000eab00000)
  object space 282624K, 78% used [0x00000000c0000000,0x00000000cd94dcf8,0x00000000d1400000)
 Metaspace       used 45811K, capacity 48622K, committed 48944K, reserved 1093632K
  class space    used 4738K, capacity 5707K, committed 5760K, reserved 1048576K
}
Event: 43.880 GC heap before
{Heap before GC invocations=108 (full 6):
 PSYoungGen      total 34816K, used 34801K [0x00000000eab00000, 0x00000000edf80000, 0x0000000100000000)
  eden space 27648K, 100% used [0x00000000eab00000,0x00000000ec600000,0x00000000ec600000)
  from space 7168K, 99% used [0x00000000ec600000,0x00000000eccfc688,0x00000000ecd00000)
  to   space 12800K, 0% used [0x00000000ed300000,0x00000000ed300000,0x00000000edf80000)
 ParOldGen       total 282624K, used 222519K [0x00000000c0000000, 0x00000000d1400000, 0x00000000eab00000)
  object space 282624K, 78% used [0x00000000c0000000,0x00000000cd94dcf8,0x00000000d1400000)
 Metaspace       used 45816K, capacity 48622K, committed 48944K, reserved 1093632K
  class space    used 4738K, capacity 5707K, committed 5760K, reserved 1048576K
}
Event: 43.957 GC heap after
{Heap after GC invocations=108 (full 6):
 PSYoungGen      total 36864K, used 6821K [0x00000000eab00000, 0x00000000eda00000, 0x0000000100000000)
  eden space 29696K, 0% used [0x00000000eab00000,0x00000000eab00000,0x00000000ec800000)
  from space 7168K, 95% used [0x00000000ed300000,0x00000000ed9a94f0,0x00000000eda00000)
  to   space 8704K, 0% used [0x00000000ec900000,0x00000000ec900000,0x00000000ed180000)
 ParOldGen       total 282624K, used 228601K [0x00000000c0000000, 0x00000000d1400000, 0x00000000eab00000)
  object space 282624K, 80% used [0x00000000c0000000,0x00000000cdf3e668,0x00000000d1400000)
 Metaspace       used 45816K, capacity 48622K, committed 48944K, reserved 1093632K
  class space    used 4738K, capacity 5707K, committed 5760K, reserved 1048576K
}
Event: 44.558 GC heap before
{Heap before GC invocations=109 (full 6):
 PSYoungGen      total 36864K, used 36517K [0x00000000eab00000, 0x00000000eda00000, 0x0000000100000000)
  eden space 29696K, 100% used [0x00000000eab00000,0x00000000ec800000,0x00000000ec800000)
  from space 7168K, 95% used [0x00000000ed300000,0x00000000ed9a94f0,0x00000000eda00000)
  to   space 8704K, 0% used [0x00000000ec900000,0x00000000ec900000,0x00000000ed180000)
 ParOldGen       total 282624K, used 228601K [0x00000000c0000000, 0x00000000d1400000, 0x00000000eab00000)
  object space 282624K, 80% used [0x00000000c0000000,0x00000000cdf3e668,0x00000000d1400000)
 Metaspace       used 45826K, capacity 48622K, committed 48944K, reserved 1093632K
  class space    used 4738K, capacity 5707K, committed 5760K, reserved 1048576K
}
Event: 44.617 GC heap after
{Heap after GC invocations=109 (full 6):
 PSYoungGen      total 39424K, used 8691K [0x00000000eab00000, 0x00000000ee580000, 0x0000000100000000)
  eden space 30720K, 0% used [0x00000000eab00000,0x00000000eab00000,0x00000000ec900000)
  from space 8704K, 99% used [0x00000000ec900000,0x00000000ed17cfe8,0x00000000ed180000)
  to   space 13824K, 0% used [0x00000000ed800000,0x00000000ed800000,0x00000000ee580000)
 ParOldGen       total 282624K, used 232409K [0x00000000c0000000, 0x00000000d1400000, 0x00000000eab00000)
  object space 282624K, 82% used [0x00000000c0000000,0x00000000ce2f65d0,0x00000000d1400000)
 Metaspace       used 45826K, capacity 48622K, committed 48944K, reserved 1093632K
  class space    used 4738K, capacity 5707K, committed 5760K, reserved 1048576K
}
Event: 45.274 GC heap before
{Heap before GC invocations=110 (full 6):
 PSYoungGen      total 39424K, used 39411K [0x00000000eab00000, 0x00000000ee580000, 0x0000000100000000)
  eden space 30720K, 100% used [0x00000000eab00000,0x00000000ec900000,0x00000000ec900000)
  from space 8704K, 99% used [0x00000000ec900000,0x00000000ed17cfe8,0x00000000ed180000)
  to   space 13824K, 0% used [0x00000000ed800000,0x00000000ed800000,0x00000000ee580000)
 ParOldGen       total 282624K, used 232409K [0x00000000c0000000, 0x00000000d1400000, 0x00000000eab00000)
  object space 282624K, 82% used [0x00000000c0000000,0x00000000ce2f65d0,0x00000000d1400000)
 Metaspace       used 45836K, capacity 48622K, committed 48944K, reserved 1093632K
  class space    used 4739K, capacity 5707K, committed 5760K, reserved 1048576K
}
Event: 45.418 GC heap after
{Heap after GC invocations=110 (full 6):
 PSYoungGen      total 40960K, used 7361K [0x00000000eab00000, 0x00000000edf80000, 0x0000000100000000)
  eden space 33280K, 0% used [0x00000000eab00000,0x00000000eab00000,0x00000000ecb80000)
  from space 7680K, 95% used [0x00000000ed800000,0x00000000edf30680,0x00000000edf80000)
  to   space 9728K, 0% used [0x00000000ecc80000,0x00000000ecc80000,0x00000000ed600000)
 ParOldGen       total 282624K, used 241010K [0x00000000c0000000, 0x00000000d1400000, 0x00000000eab00000)
  object space 282624K, 85% used [0x00000000c0000000,0x00000000ceb5ca00,0x00000000d1400000)
 Metaspace       used 45836K, capacity 48622K, committed 48944K, reserved 1093632K
  class space    used 4739K, capacity 5707K, committed 5760K, reserved 1048576K
}
Event: 46.101 GC heap before
{Heap before GC invocations=111 (full 6):
 PSYoungGen      total 40960K, used 40641K [0x00000000eab00000, 0x00000000edf80000, 0x0000000100000000)
  eden space 33280K, 100% used [0x00000000eab00000,0x00000000ecb80000,0x00000000ecb80000)
  from space 7680K, 95% used [0x00000000ed800000,0x00000000edf30680,0x00000000edf80000)
  to   space 9728K, 0% used [0x00000000ecc80000,0x00000000ecc80000,0x00000000ed600000)
 ParOldGen       total 282624K, used 241010K [0x00000000c0000000, 0x00000000d1400000, 0x00000000eab00000)
  object space 282624K, 85% used [0x00000000c0000000,0x00000000ceb5ca00,0x00000000d1400000)
 Metaspace       used 45838K, capacity 48622K, committed 48944K, reserved 1093632K
  class space    used 4739K, capacity 5707K, committed 5760K, reserved 1048576K
}
Event: 46.144 GC heap after
{Heap after GC invocations=111 (full 6):
 PSYoungGen      total 44032K, used 9708K [0x00000000eab00000, 0x00000000eed00000, 0x0000000100000000)
  eden space 34304K, 0% used [0x00000000eab00000,0x00000000eab00000,0x00000000ecc80000)
  from space 9728K, 99% used [0x00000000ecc80000,0x00000000ed5fb318,0x00000000ed600000)
  to   space 15872K, 0% used [0x00000000edd80000,0x00000000edd80000,0x00000000eed00000)
 ParOldGen       total 282624K, used 245453K [0x00000000c0000000, 0x00000000d1400000, 0x00000000eab00000)
  object space 282624K, 86% used [0x00000000c0000000,0x00000000cefb3738,0x00000000d1400000)
 Metaspace       used 45838K, capacity 48622K, committed 48944K, reserved 1093632K
  class space    used 4739K, capacity 5707K, committed 5760K, reserved 1048576K
}
Event: 46.843 GC heap before
{Heap before GC invocations=112 (full 6):
 PSYoungGen      total 44032K, used 44012K [0x00000000eab00000, 0x00000000eed00000, 0x0000000100000000)
  eden space 34304K, 100% used [0x00000000eab00000,0x00000000ecc80000,0x00000000ecc80000)
  from space 9728K, 99% used [0x00000000ecc80000,0x00000000ed5fb318,0x00000000ed600000)
  to   space 15872K, 0% used [0x00000000edd80000,0x00000000edd80000,0x00000000eed00000)
 ParOldGen       total 282624K, used 245453K [0x00000000c0000000, 0x00000000d1400000, 0x00000000eab00000)
  object space 282624K, 86% used [0x00000000c0000000,0x00000000cefb3738,0x00000000d1400000)
 Metaspace       used 45842K, capacity 48628K, committed 48944K, reserved 1093632K
  class space    used 4740K, capacity 5708K, committed 5760K, reserved 1048576K
}
Event: 46.925 GC heap after
{Heap after GC invocations=112 (full 6):
 PSYoungGen      total 45056K, used 7946K [0x00000000eab00000, 0x00000000ee580000, 0x0000000100000000)
  eden space 36864K, 0% used [0x00000000eab00000,0x00000000eab00000,0x00000000ecf00000)
  from space 8192K, 96% used [0x00000000edd80000,0x00000000ee542800,0x00000000ee580000)
  to   space 10240K, 0% used [0x00000000ed180000,0x00000000ed180000,0x00000000edb80000)
 ParOldGen       total 282624K, used 254220K [0x00000000c0000000, 0x00000000d1400000, 0x00000000eab00000)
  object space 282624K, 89% used [0x00000000c0000000,0x00000000cf8432c0,0x00000000d1400000)
 Metaspace       used 45842K, capacity 48628K, committed 48944K, reserved 1093632K
  class space    used 4740K, capacity 5708K, committed 5760K, reserved 1048576K
}
Event: 47.518 GC heap before
{Heap before GC invocations=113 (full 6):
 PSYoungGen      total 45056K, used 44810K [0x00000000eab00000, 0x00000000ee580000, 0x0000000100000000)
  eden space 36864K, 100% used [0x00000000eab00000,0x00000000ecf00000,0x00000000ecf00000)
  from space 8192K, 96% used [0x00000000edd80000,0x00000000ee542800,0x00000000ee580000)
  to   space 10240K, 0% used [0x00000000ed180000,0x00000000ed180000,0x00000000edb80000)
 ParOldGen       total 282624K, used 254220K [0x00000000c0000000, 0x00000000d1400000, 0x00000000eab00000)
  object space 282624K, 89% used [0x00000000c0000000,0x00000000cf8432c0,0x00000000d1400000)
 Metaspace       used 45852K, capacity 48628K, committed 48944K, reserved 1093632K
  class space    used 4740K, capacity 5708K, committed 5760K, reserved 1048576K
}
Event: 47.564 GC heap after
{Heap after GC invocations=113 (full 6):
 PSYoungGen      total 49664K, used 10210K [0x00000000eab00000, 0x00000000ef580000, 0x0000000100000000)
  eden space 39424K, 0% used [0x00000000eab00000,0x00000000eab00000,0x00000000ed180000)
  from space 10240K, 99% used [0x00000000ed180000,0x00000000edb788f8,0x00000000edb80000)
  to   space 18432K, 0% used [0x00000000ee380000,0x00000000ee380000,0x00000000ef580000)
 ParOldGen       total 282624K, used 260704K [0x00000000c0000000, 0x00000000d1400000, 0x00000000eab00000)
  object space 282624K, 92% used [0x00000000c0000000,0x00000000cfe98370,0x00000000d1400000)
 Metaspace       used 45852K, capacity 48628K, committed 48944K, reserved 1093632K
  class space    used 4740K, capacity 5708K, committed 5760K, reserved 1048576K
}
Event: 48.224 GC heap before
{Heap before GC invocations=114 (full 6):
 PSYoungGen      total 49664K, used 49563K [0x00000000eab00000, 0x00000000ef580000, 0x0000000100000000)
  eden space 39424K, 99% used [0x00000000eab00000,0x00000000ed16e380,0x00000000ed180000)
  from space 10240K, 99% used [0x00000000ed180000,0x00000000edb788f8,0x00000000edb80000)
  to   space 18432K, 0% used [0x00000000ee380000,0x00000000ee380000,0x00000000ef580000)
 ParOldGen       total 282624K, used 260704K [0x00000000c0000000, 0x00000000d1400000, 0x00000000eab00000)
  object space 282624K, 92% used [0x00000000c0000000,0x00000000cfe98370,0x00000000d1400000)
 Metaspace       used 45856K, capacity 48692K, committed 48944K, reserved 1093632K
  class space    used 4740K, capacity 5708K, committed 5760K, reserved 1048576K
}
Event: 48.298 GC heap after
{Heap after GC invocations=114 (full 6):
 PSYoungGen      total 51200K, used 8248K [0x00000000eab00000, 0x00000000eec00000, 0x0000000100000000)
  eden space 42496K, 0% used [0x00000000eab00000,0x00000000eab00000,0x00000000ed480000)
  from space 8704K, 94% used [0x00000000ee380000,0x00000000eeb8e150,0x00000000eec00000)
  to   space 11776K, 0% used [0x00000000ed500000,0x00000000ed500000,0x00000000ee080000)
 ParOldGen       total 282624K, used 269798K [0x00000000c0000000, 0x00000000d1400000, 0x00000000eab00000)
  object space 282624K, 95% used [0x00000000c0000000,0x00000000d0779a58,0x00000000d1400000)
 Metaspace       used 45856K, capacity 48692K, committed 48944K, reserved 1093632K
  class space    used 4740K, capacity 5708K, committed 5760K, reserved 1048576K
}
Event: 49.066 GC heap before
{Heap before GC invocations=115 (full 6):
 PSYoungGen      total 51200K, used 50744K [0x00000000eab00000, 0x00000000eec00000, 0x0000000100000000)
  eden space 42496K, 100% used [0x00000000eab00000,0x00000000ed480000,0x00000000ed480000)
  from space 8704K, 94% used [0x00000000ee380000,0x00000000eeb8e150,0x00000000eec00000)
  to   space 11776K, 0% used [0x00000000ed500000,0x00000000ed500000,0x00000000ee080000)
 ParOldGen       total 282624K, used 269798K [0x00000000c0000000, 0x00000000d1400000, 0x00000000eab00000)
  object space 282624K, 95% used [0x00000000c0000000,0x00000000d0779a58,0x00000000d1400000)
 Metaspace       used 45941K, capacity 48756K, committed 48944K, reserved 1093632K
  class space    used 4746K, capacity 5708K, committed 5760K, reserved 1048576K
}
Event: 49.117 GC heap after
{Heap after GC invocations=115 (full 6):
 PSYoungGen      total 54784K, used 11765K [0x00000000eab00000, 0x00000000efa80000, 0x0000000100000000)
  eden space 43008K, 0% used [0x00000000eab00000,0x00000000eab00000,0x00000000ed500000)
  from space 11776K, 99% used [0x00000000ed500000,0x00000000ee07d5f0,0x00000000ee080000)
  to   space 17920K, 0% used [0x00000000ee900000,0x00000000ee900000,0x00000000efa80000)
 ParOldGen       total 282624K, used 274274K [0x00000000c0000000, 0x00000000d1400000, 0x00000000eab00000)
  object space 282624K, 97% used [0x00000000c0000000,0x00000000d0bd8bf0,0x00000000d1400000)
 Metaspace       used 45941K, capacity 48756K, committed 48944K, reserved 1093632K
  class space    used 4746K, capacity 5708K, committed 5760K, reserved 1048576K
}
Event: 49.915 GC heap before
{Heap before GC invocations=116 (full 6):
 PSYoungGen      total 54784K, used 54773K [0x00000000eab00000, 0x00000000efa80000, 0x0000000100000000)
  eden space 43008K, 100% used [0x00000000eab00000,0x00000000ed500000,0x00000000ed500000)
  from space 11776K, 99% used [0x00000000ed500000,0x00000000ee07d5f0,0x00000000ee080000)
  to   space 17920K, 0% used [0x00000000ee900000,0x00000000ee900000,0x00000000efa80000)
 ParOldGen       total 282624K, used 274274K [0x00000000c0000000, 0x00000000d1400000, 0x00000000eab00000)
  object space 282624K, 97% used [0x00000000c0000000,0x00000000d0bd8bf0,0x00000000d1400000)
 Metaspace       used 45954K, capacity 48756K, committed 48944K, reserved 1093632K
  class space    used 4746K, capacity 5708K, committed 5760K, reserved 1048576K
}
Event: 50.059 GC heap after
{Heap after GC invocations=116 (full 6):
 PSYoungGen      total 57344K, used 11229K [0x00000000eab00000, 0x00000000ef400000, 0x0000000100000000)
  eden space 46080K, 0% used [0x00000000eab00000,0x00000000eab00000,0x00000000ed800000)
  from space 11264K, 99% used [0x00000000ee900000,0x00000000ef3f77d0,0x00000000ef400000)
  to   space 13312K, 0% used [0x00000000eda00000,0x00000000eda00000,0x00000000ee700000)
 ParOldGen       total 286208K, used 286083K [0x00000000c0000000, 0x00000000d1780000, 0x00000000eab00000)
  object space 286208K, 99% used [0x00000000c0000000,0x00000000d1760fc0,0x00000000d1780000)
 Metaspace       used 45954K, capacity 48756K, committed 48944K, reserved 1093632K
  class space    used 4746K, capacity 5708K, committed 5760K, reserved 1048576K
}
Event: 50.065 GC heap before
{Heap before GC invocations=117 (full 7):
 PSYoungGen      total 57344K, used 11229K [0x00000000eab00000, 0x00000000ef400000, 0x0000000100000000)
  eden space 46080K, 0% used [0x00000000eab00000,0x00000000eab00000,0x00000000ed800000)
  from space 11264K, 99% used [0x00000000ee900000,0x00000000ef3f77d0,0x00000000ef400000)
  to   space 13312K, 0% used [0x00000000eda00000,0x00000000eda00000,0x00000000ee700000)
 ParOldGen       total 286208K, used 286083K [0x00000000c0000000, 0x00000000d1780000, 0x00000000eab00000)
  object space 286208K, 99% used [0x00000000c0000000,0x00000000d1760fc0,0x00000000d1780000)
 Metaspace       used 45954K, capacity 48756K, committed 48944K, reserved 1093632K
  class space    used 4746K, capacity 5708K, committed 5760K, reserved 1048576K
}

