# JRE version: OpenJDK Runtime Environment (11.0.14+9) (build 11.0.14+9-Ubuntu-0ubuntu2.16.04)
# Java VM: OpenJDK 64-Bit Server VM (11.0.14+9-Ubuntu-0ubuntu2.16.04, mixed mode, sharing, tiered, compressed oops, parallel gc, linux-amd64)
Heap:
 PSYoungGen      total 93184K, used 26080K [0x00000000eab00000, 0x00000000f2480000, 0x0000000100000000)
  eden space 67072K, 0% used [0x00000000eab00000,0x00000000eab00000,0x00000000eec80000)
  from space 26112K, 99% used [0x00000000ef180000,0x00000000f0af8068,0x00000000f0b00000)
  to   space 21504K, 0% used [0x00000000f0f80000,0x00000000f0f80000,0x00000000f2480000)
 ParOldGen       total 195584K, used 190005K [0x00000000c0000000, 0x00000000cbf00000, 0x00000000eab00000)
  object space 195584K, 97% used [0x00000000c0000000,0x00000000cb98d410,0x00000000cbf00000)
 Metaspace       used 40860K, capacity 43718K, committed 43952K, reserved 1087488K
  class space    used 4167K, capacity 5099K, committed 5120K, reserved 1048576K
GC Heap History (20 events):
Event: 25.681 GC heap after
{Heap after GC invocations=41 (full 4):
 PSYoungGen      total 44544K, used 0K [0x00000000eab00000, 0x00000000ee200000, 0x0000000100000000)
  eden space 35840K, 0% used [0x00000000eab00000,0x00000000eab00000,0x00000000ece00000)
  from space 8704K, 0% used [0x00000000ece00000,0x00000000ece00000,0x00000000ed680000)
  to   space 8704K, 0% used [0x00000000ed980000,0x00000000ed980000,0x00000000ee200000)
 ParOldGen       total 195584K, used 111610K [0x00000000c0000000, 0x00000000cbf00000, 0x00000000eab00000)
  object space 195584K, 57% used [0x00000000c0000000,0x00000000c6cfe9b0,0x00000000cbf00000)
 Metaspace       used 39020K, capacity 41527K, committed 41776K, reserved 1085440K
  class space    used 3986K, capacity 4901K, committed 4992K, reserved 1048576K
}
Event: 26.155 GC heap before
{Heap before GC invocations=42 (full 4):
 PSYoungGen      total 44544K, used 35840K [0x00000000eab00000, 0x00000000ee200000, 0x0000000100000000)
  eden space 35840K, 100% used [0x00000000eab00000,0x00000000ece00000,0x00000000ece00000)
  from space 8704K, 0% used [0x00000000ece00000,0x00000000ece00000,0x00000000ed680000)
  to   space 8704K, 0% used [0x00000000ed980000,0x00000000ed980000,0x00000000ee200000)
 ParOldGen       total 195584K, used 111610K [0x00000000c0000000, 0x00000000cbf00000, 0x00000000eab00000)
  object space 195584K, 57% used [0x00000000c0000000,0x00000000c6cfe9b0,0x00000000cbf00000)
 Metaspace       used 39133K, capacity 41789K, committed 42032K, reserved 1087488K
  class space    used 3998K, capacity 4943K, committed 4992K, reserved 1048576K
}
Event: 26.161 GC heap after
{Heap after GC invocations=42 (full 4):
 PSYoungGen      total 46080K, used 6368K [0x00000000eab00000, 0x00000000ee000000, 0x0000000100000000)
  eden space 39424K, 0% used [0x00000000eab00000,0x00000000eab00000,0x00000000ed180000)
  from space 6656K, 95% used [0x00000000ed980000,0x00000000edfb80e0,0x00000000ee000000)
  to   space 7168K, 0% used [0x00000000ed200000,0x00000000ed200000,0x00000000ed900000)
 ParOldGen       total 195584K, used 111618K [0x00000000c0000000, 0x00000000cbf00000, 0x00000000eab00000)
  object space 195584K, 57% used [0x00000000c0000000,0x00000000c6d009b0,0x00000000cbf00000)
 Metaspace       used 39133K, capacity 41789K, committed 42032K, reserved 1087488K
  class space    used 3998K, capacity 4943K, committed 4992K, reserved 1048576K
}
Event: 26.846 GC heap before
{Heap before GC invocations=43 (full 4):
 PSYoungGen      total 46080K, used 45792K [0x00000000eab00000, 0x00000000ee000000, 0x0000000100000000)
  eden space 39424K, 100% used [0x00000000eab00000,0x00000000ed180000,0x00000000ed180000)
  from space 6656K, 95% used [0x00000000ed980000,0x00000000edfb80e0,0x00000000ee000000)
  to   space 7168K, 0% used [0x00000000ed200000,0x00000000ed200000,0x00000000ed900000)
 ParOldGen       total 195584K, used 111618K [0x00000000c0000000, 0x00000000cbf00000, 0x00000000eab00000)
  object space 195584K, 57% used [0x00000000c0000000,0x00000000c6d009b0,0x00000000cbf00000)
 Metaspace       used 40069K, capacity 42677K, committed 42928K, reserved 1087488K
  class space    used 4111K, capacity 5051K, committed 5120K, reserved 1048576K
}
Event: 26.889 GC heap after
{Heap after GC invocations=43 (full 4):
 PSYoungGen      total 47104K, used 7142K [0x00000000eab00000, 0x00000000ef580000, 0x0000000100000000)
  eden space 39936K, 0% used [0x00000000eab00000,0x00000000eab00000,0x00000000ed200000)
  from space 7168K, 99% used [0x00000000ed200000,0x00000000ed8f9928,0x00000000ed900000)
  to   space 16384K, 0% used [0x00000000ee580000,0x00000000ee580000,0x00000000ef580000)
 ParOldGen       total 195584K, used 119295K [0x00000000c0000000, 0x00000000cbf00000, 0x00000000eab00000)
  object space 195584K, 60% used [0x00000000c0000000,0x00000000c747ff28,0x00000000cbf00000)
 Metaspace       used 40069K, capacity 42677K, committed 42928K, reserved 1087488K
  class space    used 4111K, capacity 5051K, committed 5120K, reserved 1048576K
}
Event: 27.652 GC heap before
{Heap before GC invocations=44 (full 4):
 PSYoungGen      total 47104K, used 47078K [0x00000000eab00000, 0x00000000ef580000, 0x0000000100000000)
  eden space 39936K, 100% used [0x00000000eab00000,0x00000000ed200000,0x00000000ed200000)
  from space 7168K, 99% used [0x00000000ed200000,0x00000000ed8f9928,0x00000000ed900000)
  to   space 16384K, 0% used [0x00000000ee580000,0x00000000ee580000,0x00000000ef580000)
 ParOldGen       total 195584K, used 119295K [0x00000000c0000000, 0x00000000cbf00000, 0x00000000eab00000)
  object space 195584K, 60% used [0x00000000c0000000,0x00000000c747ff28,0x00000000cbf00000)
 Metaspace       used 40427K, capacity 43128K, committed 43440K, reserved 1087488K
  class space    used 4141K, capacity 5096K, committed 5120K, reserved 1048576K
}
Event: 27.773 GC heap after
{Heap after GC invocations=44 (full 4):
 PSYoungGen      total 57856K, used 13004K [0x00000000eab00000, 0x00000000ef280000, 0x0000000100000000)
  eden space 44544K, 0% used [0x00000000eab00000,0x00000000eab00000,0x00000000ed680000)
  from space 13312K, 97% used [0x00000000ee580000,0x00000000ef2331b8,0x00000000ef280000)
  to   space 13824K, 0% used [0x00000000ed780000,0x00000000ed780000,0x00000000ee500000)
 ParOldGen       total 195584K, used 122238K [0x00000000c0000000, 0x00000000cbf00000, 0x00000000eab00000)
  object space 195584K, 62% used [0x00000000c0000000,0x00000000c775f970,0x00000000cbf00000)
 Metaspace       used 40427K, capacity 43128K, committed 43440K, reserved 1087488K
  class space    used 4141K, capacity 5096K, committed 5120K, reserved 1048576K
}
Event: 28.622 GC heap before
{Heap before GC invocations=45 (full 4):
 PSYoungGen      total 57856K, used 57548K [0x00000000eab00000, 0x00000000ef280000, 0x0000000100000000)
  eden space 44544K, 100% used [0x00000000eab00000,0x00000000ed680000,0x00000000ed680000)
  from space 13312K, 97% used [0x00000000ee580000,0x00000000ef2331b8,0x00000000ef280000)
  to   space 13824K, 0% used [0x00000000ed780000,0x00000000ed780000,0x00000000ee500000)
 ParOldGen       total 195584K, used 122238K [0x00000000c0000000, 0x00000000cbf00000, 0x00000000eab00000)
  object space 195584K, 62% used [0x00000000c0000000,0x00000000c775f970,0x00000000cbf00000)
 Metaspace       used 40495K, capacity 43201K, committed 43440K, reserved 1087488K
  class space    used 4143K, capacity 5099K, committed 5120K, reserved 1048576K
}
Event: 28.753 GC heap after
{Heap after GC invocations=45 (full 4):
 PSYoungGen      total 59392K, used 13818K [0x00000000eab00000, 0x00000000f0800000, 0x0000000100000000)
  eden space 45568K, 0% used [0x00000000eab00000,0x00000000eab00000,0x00000000ed780000)
  from space 13824K, 99% used [0x00000000ed780000,0x00000000ee4fe8c0,0x00000000ee500000)
  to   space 23040K, 0% used [0x00000000ef180000,0x00000000ef180000,0x00000000f0800000)
 ParOldGen       total 195584K, used 129652K [0x00000000c0000000, 0x00000000cbf00000, 0x00000000eab00000)
  object space 195584K, 66% used [0x00000000c0000000,0x00000000c7e9d100,0x00000000cbf00000)
 Metaspace       used 40495K, capacity 43201K, committed 43440K, reserved 1087488K
  class space    used 4143K, capacity 5099K, committed 5120K, reserved 1048576K
}
Event: 29.604 GC heap before
{Heap before GC invocations=46 (full 4):
 PSYoungGen      total 59392K, used 59386K [0x00000000eab00000, 0x00000000f0800000, 0x0000000100000000)
  eden space 45568K, 100% used [0x00000000eab00000,0x00000000ed780000,0x00000000ed780000)
  from space 13824K, 99% used [0x00000000ed780000,0x00000000ee4fe8c0,0x00000000ee500000)
  to   space 23040K, 0% used [0x00000000ef180000,0x00000000ef180000,0x00000000f0800000)
 ParOldGen       total 195584K, used 129652K [0x00000000c0000000, 0x00000000cbf00000, 0x00000000eab00000)
  object space 195584K, 66% used [0x00000000c0000000,0x00000000c7e9d100,0x00000000cbf00000)
 Metaspace       used 40536K, capacity 43265K, committed 43440K, reserved 1087488K
  class space    used 4143K, capacity 5099K, committed 5120K, reserved 1048576K
}
Event: 29.775 GC heap after
{Heap after GC invocations=46 (full 4):
 PSYoungGen      total 64512K, used 13358K [0x00000000eab00000, 0x00000000eff00000, 0x0000000100000000)
  eden space 50688K, 0% used [0x00000000eab00000,0x00000000eab00000,0x00000000edc80000)
  from space 13824K, 96% used [0x00000000ef180000,0x00000000efe8bbf0,0x00000000eff00000)
  to   space 16384K, 0% used [0x00000000edf00000,0x00000000edf00000,0x00000000eef00000)
 ParOldGen       total 195584K, used 138753K [0x00000000c0000000, 0x00000000cbf00000, 0x00000000eab00000)
  object space 195584K, 70% used [0x00000000c0000000,0x00000000c8780468,0x00000000cbf00000)
 Metaspace       used 40536K, capacity 43265K, committed 43440K, reserved 1087488K
  class space    used 4143K, capacity 5099K, committed 5120K, reserved 1048576K
}
Event: 30.560 GC heap before
{Heap before GC invocations=47 (full 4):
 PSYoungGen      total 64512K, used 64046K [0x00000000eab00000, 0x00000000eff00000, 0x0000000100000000)
  eden space 50688K, 100% used [0x00000000eab00000,0x00000000edc80000,0x00000000edc80000)
  from space 13824K, 96% used [0x00000000ef180000,0x00000000efe8bbf0,0x00000000eff00000)
  to   space 16384K, 0% used [0x00000000edf00000,0x00000000edf00000,0x00000000eef00000)
 ParOldGen       total 195584K, used 138753K [0x00000000c0000000, 0x00000000cbf00000, 0x00000000eab00000)
  object space 195584K, 70% used [0x00000000c0000000,0x00000000c8780468,0x00000000cbf00000)
 Metaspace       used 40702K, capacity 43524K, committed 43696K, reserved 1087488K
  class space    used 4156K, capacity 5099K, committed 5120K, reserved 1048576K
}
Event: 30.656 GC heap after
{Heap after GC invocations=47 (full 4):
 PSYoungGen      total 69632K, used 16374K [0x00000000eab00000, 0x00000000f1300000, 0x0000000100000000)
  eden space 53248K, 0% used [0x00000000eab00000,0x00000000eab00000,0x00000000edf00000)
  from space 16384K, 99% used [0x00000000edf00000,0x00000000eeefd818,0x00000000eef00000)
  to   space 25088K, 0% used [0x00000000efa80000,0x00000000efa80000,0x00000000f1300000)
 ParOldGen       total 195584K, used 145344K [0x00000000c0000000, 0x00000000cbf00000, 0x00000000eab00000)
  object space 195584K, 74% used [0x00000000c0000000,0x00000000c8df00e0,0x00000000cbf00000)
 Metaspace       used 40702K, capacity 43524K, committed 43696K, reserved 1087488K
  class space    used 4156K, capacity 5099K, committed 5120K, reserved 1048576K
}
Event: 31.651 GC heap before
{Heap before GC invocations=48 (full 4):
 PSYoungGen      total 69632K, used 69622K [0x00000000eab00000, 0x00000000f1300000, 0x0000000100000000)
  eden space 53248K, 100% used [0x00000000eab00000,0x00000000edf00000,0x00000000edf00000)
  from space 16384K, 99% used [0x00000000edf00000,0x00000000eeefd818,0x00000000eef00000)
  to   space 25088K, 0% used [0x00000000efa80000,0x00000000efa80000,0x00000000f1300000)
 ParOldGen       total 195584K, used 145344K [0x00000000c0000000, 0x00000000cbf00000, 0x00000000eab00000)
  object space 195584K, 74% used [0x00000000c0000000,0x00000000c8df00e0,0x00000000cbf00000)
 Metaspace       used 40743K, capacity 43525K, committed 43696K, reserved 1087488K
  class space    used 4156K, capacity 5099K, committed 5120K, reserved 1048576K
}
Event: 32.021 GC heap after
{Heap after GC invocations=48 (full 4):
 PSYoungGen      total 81920K, used 21152K [0x00000000eab00000, 0x00000000f1080000, 0x0000000100000000)
  eden space 59392K, 0% used [0x00000000eab00000,0x00000000eab00000,0x00000000ee500000)
  from space 22528K, 93% used [0x00000000efa80000,0x00000000f0f28100,0x00000000f1080000)
  to   space 22016K, 0% used [0x00000000ee500000,0x00000000ee500000,0x00000000efa80000)
 ParOldGen       total 195584K, used 154249K [0x00000000c0000000, 0x00000000cbf00000, 0x00000000eab00000)
  object space 195584K, 78% used [0x00000000c0000000,0x00000000c96a24c0,0x00000000cbf00000)
 Metaspace       used 40743K, capacity 43525K, committed 43696K, reserved 1087488K
  class space    used 4156K, capacity 5099K, committed 5120K, reserved 1048576K
}
Event: 34.389 GC heap before
{Heap before GC invocations=49 (full 4):
 PSYoungGen      total 81920K, used 80544K [0x00000000eab00000, 0x00000000f1080000, 0x0000000100000000)
  eden space 59392K, 100% used [0x00000000eab00000,0x00000000ee500000,0x00000000ee500000)
  from space 22528K, 93% used [0x00000000efa80000,0x00000000f0f28100,0x00000000f1080000)
  to   space 22016K, 0% used [0x00000000ee500000,0x00000000ee500000,0x00000000efa80000)
 ParOldGen       total 195584K, used 154249K [0x00000000c0000000, 0x00000000cbf00000, 0x00000000eab00000)
  object space 195584K, 78% used [0x00000000c0000000,0x00000000c96a24c0,0x00000000cbf00000)
 Metaspace       used 40818K, capacity 43590K, committed 43696K, reserved 1087488K
  class space    used 4162K, capacity 5099K, committed 5120K, reserved 1048576K
}
Event: 34.937 GC heap after
{Heap after GC invocations=49 (full 4):
 PSYoungGen      total 81408K, used 22010K [0x00000000eab00000, 0x00000000f3280000, 0x0000000100000000)
  eden space 59392K, 0% used [0x00000000eab00000,0x00000000eab00000,0x00000000ee500000)
  from space 22016K, 99% used [0x00000000ee500000,0x00000000efa7e818,0x00000000efa80000)
  to   space 35840K, 0% used [0x00000000f0f80000,0x00000000f0f80000,0x00000000f3280000)
 ParOldGen       total 195584K, used 165835K [0x00000000c0000000, 0x00000000cbf00000, 0x00000000eab00000)
  object space 195584K, 84% used [0x00000000c0000000,0x00000000ca1f2ec8,0x00000000cbf00000)
 Metaspace       used 40818K, capacity 43590K, committed 43696K, reserved 1087488K
  class space    used 4162K, capacity 5099K, committed 5120K, reserved 1048576K
}
Event: 40.638 GC heap before
{Heap before GC invocations=50 (full 4):
 PSYoungGen      total 81408K, used 81402K [0x00000000eab00000, 0x00000000f3280000, 0x0000000100000000)
  eden space 59392K, 100% used [0x00000000eab00000,0x00000000ee500000,0x00000000ee500000)
  from space 22016K, 99% used [0x00000000ee500000,0x00000000efa7e818,0x00000000efa80000)
  to   space 35840K, 0% used [0x00000000f0f80000,0x00000000f0f80000,0x00000000f3280000)
 ParOldGen       total 195584K, used 165835K [0x00000000c0000000, 0x00000000cbf00000, 0x00000000eab00000)
  object space 195584K, 84% used [0x00000000c0000000,0x00000000ca1f2ec8,0x00000000cbf00000)
 Metaspace       used 40819K, capacity 43590K, committed 43696K, reserved 1087488K
  class space    used 4162K, capacity 5099K, committed 5120K, reserved 1048576K
}
Event: 42.340 GC heap after
{Heap after GC invocations=50 (full 4):
 PSYoungGen      total 88576K, used 21163K [0x00000000eab00000, 0x00000000f2480000, 0x0000000100000000)
  eden space 67072K, 0% used [0x00000000eab00000,0x00000000eab00000,0x00000000eec80000)
  from space 21504K, 98% used [0x00000000f0f80000,0x00000000f242ac90,0x00000000f2480000)
  to   space 26112K, 0% used [0x00000000ef180000,0x00000000ef180000,0x00000000f0b00000)
 ParOldGen       total 195584K, used 179683K [0x00000000c0000000, 0x00000000cbf00000, 0x00000000eab00000)
  object space 195584K, 91% used [0x00000000c0000000,0x00000000caf78e38,0x00000000cbf00000)
 Metaspace       used 40819K, capacity 43590K, committed 43696K, reserved 1087488K
  class space    used 4162K, capacity 5099K, committed 5120K, reserved 1048576K
}
Event: 123.614 GC heap before
{Heap before GC invocations=51 (full 4):
 PSYoungGen      total 88576K, used 88235K [0x00000000eab00000, 0x00000000f2480000, 0x0000000100000000)
  eden space 67072K, 100% used [0x00000000eab00000,0x00000000eec80000,0x00000000eec80000)
  from space 21504K, 98% used [0x00000000f0f80000,0x00000000f242ac90,0x00000000f2480000)
  to   space 26112K, 0% used [0x00000000ef180000,0x00000000ef180000,0x00000000f0b00000)
 ParOldGen       total 195584K, used 179683K [0x00000000c0000000, 0x00000000cbf00000, 0x00000000eab00000)
  object space 195584K, 91% used [0x00000000c0000000,0x00000000caf78e38,0x00000000cbf00000)
 Metaspace       used 40860K, capacity 43718K, committed 43952K, reserved 1087488K
  class space    used 4167K, capacity 5099K, committed 5120K, reserved 1048576K
}

