# JRE version: OpenJDK Runtime Environment (11.0.14+9) (build 11.0.14+9-Ubuntu-0ubuntu2.16.04)
# Java VM: OpenJDK 64-Bit Server VM (11.0.14+9-Ubuntu-0ubuntu2.16.04, mixed mode, sharing, tiered, compressed oops, parallel gc, linux-amd64)
Heap:
 PSYoungGen      total 19456K, used 708K [0x00000000eab00000, 0x00000000ec880000, 0x0000000100000000)
  eden space 13312K, 0% used [0x00000000eab00000,0x00000000eab00000,0x00000000eb800000)
  from space 6144K, 11% used [0x00000000eb800000,0x00000000eb8b1050,0x00000000ebe00000)
  to   space 7680K, 0% used [0x00000000ec100000,0x00000000ec100000,0x00000000ec880000)
 ParOldGen       total 212992K, used 212756K [0x00000000c0000000, 0x00000000cd000000, 0x00000000eab00000)
  object space 212992K, 99% used [0x00000000c0000000,0x00000000ccfc5230,0x00000000cd000000)
 Metaspace       used 43567K, capacity 46193K, committed 46512K, reserved 1091584K
  class space    used 4434K, capacity 5344K, committed 5376K, reserved 1048576K
GC Heap History (20 events):
Event: 43.474 GC heap after
{Heap after GC invocations=74 (full 5):
 PSYoungGen      total 25088K, used 9208K [0x00000000eab00000, 0x00000000ed180000, 0x0000000100000000)
  eden space 15872K, 0% used [0x00000000eab00000,0x00000000eab00000,0x00000000eba80000)
  from space 9216K, 99% used [0x00000000ec500000,0x00000000ecdfe120,0x00000000ece00000)
  to   space 10752K, 0% used [0x00000000eba80000,0x00000000eba80000,0x00000000ec500000)
 ParOldGen       total 212992K, used 177143K [0x00000000c0000000, 0x00000000cd000000, 0x00000000eab00000)
  object space 212992K, 83% used [0x00000000c0000000,0x00000000cacfde38,0x00000000cd000000)
 Metaspace       used 42740K, capacity 45358K, committed 45744K, reserved 1089536K
  class space    used 4354K, capacity 5279K, committed 5376K, reserved 1048576K
}
Event: 43.719 GC heap before
{Heap before GC invocations=75 (full 5):
 PSYoungGen      total 25088K, used 25080K [0x00000000eab00000, 0x00000000ed180000, 0x0000000100000000)
  eden space 15872K, 100% used [0x00000000eab00000,0x00000000eba80000,0x00000000eba80000)
  from space 9216K, 99% used [0x00000000ec500000,0x00000000ecdfe120,0x00000000ece00000)
  to   space 10752K, 0% used [0x00000000eba80000,0x00000000eba80000,0x00000000ec500000)
 ParOldGen       total 212992K, used 177143K [0x00000000c0000000, 0x00000000cd000000, 0x00000000eab00000)
  object space 212992K, 83% used [0x00000000c0000000,0x00000000cacfde38,0x00000000cd000000)
 Metaspace       used 42753K, capacity 45422K, committed 45744K, reserved 1089536K
  class space    used 4355K, capacity 5279K, committed 5376K, reserved 1048576K
}
Event: 43.849 GC heap after
{Heap after GC invocations=75 (full 5):
 PSYoungGen      total 23040K, used 6732K [0x00000000eab00000, 0x00000000ecc80000, 0x0000000100000000)
  eden space 15872K, 0% used [0x00000000eab00000,0x00000000eab00000,0x00000000eba80000)
  from space 7168K, 93% used [0x00000000eba80000,0x00000000ec1132a0,0x00000000ec180000)
  to   space 8192K, 0% used [0x00000000ec480000,0x00000000ec480000,0x00000000ecc80000)
 ParOldGen       total 212992K, used 183197K [0x00000000c0000000, 0x00000000cd000000, 0x00000000eab00000)
  object space 212992K, 86% used [0x00000000c0000000,0x00000000cb2e74c8,0x00000000cd000000)
 Metaspace       used 42753K, capacity 45422K, committed 45744K, reserved 1089536K
  class space    used 4355K, capacity 5279K, committed 5376K, reserved 1048576K
}
Event: 44.320 GC heap before
{Heap before GC invocations=76 (full 5):
 PSYoungGen      total 23040K, used 22604K [0x00000000eab00000, 0x00000000ecc80000, 0x0000000100000000)
  eden space 15872K, 100% used [0x00000000eab00000,0x00000000eba80000,0x00000000eba80000)
  from space 7168K, 93% used [0x00000000eba80000,0x00000000ec1132a0,0x00000000ec180000)
  to   space 8192K, 0% used [0x00000000ec480000,0x00000000ec480000,0x00000000ecc80000)
 ParOldGen       total 212992K, used 183197K [0x00000000c0000000, 0x00000000cd000000, 0x00000000eab00000)
  object space 212992K, 86% used [0x00000000c0000000,0x00000000cb2e74c8,0x00000000cd000000)
 Metaspace       used 42876K, capacity 45486K, committed 45744K, reserved 1089536K
  class space    used 4365K, capacity 5279K, committed 5376K, reserved 1048576K
}
Event: 44.416 GC heap after
{Heap after GC invocations=76 (full 5):
 PSYoungGen      total 23552K, used 8184K [0x00000000eab00000, 0x00000000ed180000, 0x0000000100000000)
  eden space 15360K, 0% used [0x00000000eab00000,0x00000000eab00000,0x00000000eba00000)
  from space 8192K, 99% used [0x00000000ec480000,0x00000000ecc7e398,0x00000000ecc80000)
  to   space 10752K, 0% used [0x00000000eba00000,0x00000000eba00000,0x00000000ec480000)
 ParOldGen       total 212992K, used 184965K [0x00000000c0000000, 0x00000000cd000000, 0x00000000eab00000)
  object space 212992K, 86% used [0x00000000c0000000,0x00000000cb4a1690,0x00000000cd000000)
 Metaspace       used 42876K, capacity 45486K, committed 45744K, reserved 1089536K
  class space    used 4365K, capacity 5279K, committed 5376K, reserved 1048576K
}
Event: 44.971 GC heap before
{Heap before GC invocations=77 (full 5):
 PSYoungGen      total 23552K, used 23544K [0x00000000eab00000, 0x00000000ed180000, 0x0000000100000000)
  eden space 15360K, 100% used [0x00000000eab00000,0x00000000eba00000,0x00000000eba00000)
  from space 8192K, 99% used [0x00000000ec480000,0x00000000ecc7e398,0x00000000ecc80000)
  to   space 10752K, 0% used [0x00000000eba00000,0x00000000eba00000,0x00000000ec480000)
 ParOldGen       total 212992K, used 184965K [0x00000000c0000000, 0x00000000cd000000, 0x00000000eab00000)
  object space 212992K, 86% used [0x00000000c0000000,0x00000000cb4a1690,0x00000000cd000000)
 Metaspace       used 42935K, capacity 45582K, committed 45744K, reserved 1089536K
  class space    used 4373K, capacity 5311K, committed 5376K, reserved 1048576K
}
Event: 45.151 GC heap after
{Heap after GC invocations=77 (full 5):
 PSYoungGen      total 22016K, used 6152K [0x00000000eab00000, 0x00000000eca80000, 0x0000000100000000)
  eden space 15360K, 0% used [0x00000000eab00000,0x00000000eab00000,0x00000000eba00000)
  from space 6656K, 92% used [0x00000000eba00000,0x00000000ec002148,0x00000000ec080000)
  to   space 7680K, 0% used [0x00000000ec300000,0x00000000ec300000,0x00000000eca80000)
 ParOldGen       total 212992K, used 190471K [0x00000000c0000000, 0x00000000cd000000, 0x00000000eab00000)
  object space 212992K, 89% used [0x00000000c0000000,0x00000000cba01de8,0x00000000cd000000)
 Metaspace       used 42935K, capacity 45582K, committed 45744K, reserved 1089536K
  class space    used 4373K, capacity 5311K, committed 5376K, reserved 1048576K
}
Event: 45.387 GC heap before
{Heap before GC invocations=78 (full 5):
 PSYoungGen      total 22016K, used 21512K [0x00000000eab00000, 0x00000000eca80000, 0x0000000100000000)
  eden space 15360K, 100% used [0x00000000eab00000,0x00000000eba00000,0x00000000eba00000)
  from space 6656K, 92% used [0x00000000eba00000,0x00000000ec002148,0x00000000ec080000)
  to   space 7680K, 0% used [0x00000000ec300000,0x00000000ec300000,0x00000000eca80000)
 ParOldGen       total 212992K, used 190471K [0x00000000c0000000, 0x00000000cd000000, 0x00000000eab00000)
  object space 212992K, 89% used [0x00000000c0000000,0x00000000cba01de8,0x00000000cd000000)
 Metaspace       used 42935K, capacity 45582K, committed 45744K, reserved 1089536K
  class space    used 4373K, capacity 5311K, committed 5376K, reserved 1048576K
}
Event: 45.443 GC heap after
{Heap after GC invocations=78 (full 5):
 PSYoungGen      total 24576K, used 7012K [0x00000000eab00000, 0x00000000eca80000, 0x0000000100000000)
  eden space 16896K, 0% used [0x00000000eab00000,0x00000000eab00000,0x00000000ebb80000)
  from space 7680K, 91% used [0x00000000ec300000,0x00000000ec9d9150,0x00000000eca80000)
  to   space 7680K, 0% used [0x00000000ebb80000,0x00000000ebb80000,0x00000000ec300000)
 ParOldGen       total 212992K, used 193204K [0x00000000c0000000, 0x00000000cd000000, 0x00000000eab00000)
  object space 212992K, 90% used [0x00000000c0000000,0x00000000cbcad1e0,0x00000000cd000000)
 Metaspace       used 42935K, capacity 45582K, committed 45744K, reserved 1089536K
  class space    used 4373K, capacity 5311K, committed 5376K, reserved 1048576K
}
Event: 46.225 GC heap before
{Heap before GC invocations=79 (full 5):
 PSYoungGen      total 24576K, used 23908K [0x00000000eab00000, 0x00000000eca80000, 0x0000000100000000)
  eden space 16896K, 100% used [0x00000000eab00000,0x00000000ebb80000,0x00000000ebb80000)
  from space 7680K, 91% used [0x00000000ec300000,0x00000000ec9d9150,0x00000000eca80000)
  to   space 7680K, 0% used [0x00000000ebb80000,0x00000000ebb80000,0x00000000ec300000)
 ParOldGen       total 212992K, used 193204K [0x00000000c0000000, 0x00000000cd000000, 0x00000000eab00000)
  object space 212992K, 90% used [0x00000000c0000000,0x00000000cbcad1e0,0x00000000cd000000)
 Metaspace       used 42940K, capacity 45582K, committed 45744K, reserved 1089536K
  class space    used 4374K, capacity 5311K, committed 5376K, reserved 1048576K
}
Event: 46.252 GC heap after
{Heap after GC invocations=79 (full 5):
 PSYoungGen      total 24576K, used 7462K [0x00000000eab00000, 0x00000000ecc80000, 0x0000000100000000)
  eden space 16896K, 0% used [0x00000000eab00000,0x00000000eab00000,0x00000000ebb80000)
  from space 7680K, 97% used [0x00000000ebb80000,0x00000000ec2c9a58,0x00000000ec300000)
  to   space 7680K, 0% used [0x00000000ec500000,0x00000000ec500000,0x00000000ecc80000)
 ParOldGen       total 212992K, used 196662K [0x00000000c0000000, 0x00000000cd000000, 0x00000000eab00000)
  object space 212992K, 92% used [0x00000000c0000000,0x00000000cc00da70,0x00000000cd000000)
 Metaspace       used 42940K, capacity 45582K, committed 45744K, reserved 1089536K
  class space    used 4374K, capacity 5311K, committed 5376K, reserved 1048576K
}
Event: 46.925 GC heap before
{Heap before GC invocations=80 (full 5):
 PSYoungGen      total 24576K, used 24358K [0x00000000eab00000, 0x00000000ecc80000, 0x0000000100000000)
  eden space 16896K, 100% used [0x00000000eab00000,0x00000000ebb80000,0x00000000ebb80000)
  from space 7680K, 97% used [0x00000000ebb80000,0x00000000ec2c9a58,0x00000000ec300000)
  to   space 7680K, 0% used [0x00000000ec500000,0x00000000ec500000,0x00000000ecc80000)
 ParOldGen       total 212992K, used 196662K [0x00000000c0000000, 0x00000000cd000000, 0x00000000eab00000)
  object space 212992K, 92% used [0x00000000c0000000,0x00000000cc00da70,0x00000000cd000000)
 Metaspace       used 43152K, capacity 45777K, committed 46000K, reserved 1089536K
  class space    used 4395K, capacity 5312K, committed 5376K, reserved 1048576K
}
Event: 47.102 GC heap after
{Heap after GC invocations=80 (full 5):
 PSYoungGen      total 22016K, used 7673K [0x00000000eab00000, 0x00000000ed580000, 0x0000000100000000)
  eden space 14336K, 0% used [0x00000000eab00000,0x00000000eab00000,0x00000000eb900000)
  from space 7680K, 99% used [0x00000000ec500000,0x00000000ecc7e758,0x00000000ecc80000)
  to   space 12288K, 0% used [0x00000000eb900000,0x00000000eb900000,0x00000000ec500000)
 ParOldGen       total 212992K, used 200375K [0x00000000c0000000, 0x00000000cd000000, 0x00000000eab00000)
  object space 212992K, 94% used [0x00000000c0000000,0x00000000cc3adcd0,0x00000000cd000000)
 Metaspace       used 43152K, capacity 45777K, committed 46000K, reserved 1089536K
  class space    used 4395K, capacity 5312K, committed 5376K, reserved 1048576K
}
Event: 48.379 GC heap before
{Heap before GC invocations=81 (full 5):
 PSYoungGen      total 22016K, used 22009K [0x00000000eab00000, 0x00000000ed580000, 0x0000000100000000)
  eden space 14336K, 99% used [0x00000000eab00000,0x00000000eb8fffe0,0x00000000eb900000)
  from space 7680K, 99% used [0x00000000ec500000,0x00000000ecc7e758,0x00000000ecc80000)
  to   space 12288K, 0% used [0x00000000eb900000,0x00000000eb900000,0x00000000ec500000)
 ParOldGen       total 212992K, used 200375K [0x00000000c0000000, 0x00000000cd000000, 0x00000000eab00000)
  object space 212992K, 94% used [0x00000000c0000000,0x00000000cc3adcd0,0x00000000cd000000)
 Metaspace       used 43491K, capacity 46129K, committed 46256K, reserved 1089536K
  class space    used 4429K, capacity 5344K, committed 5376K, reserved 1048576K
}
Event: 48.585 GC heap after
{Heap after GC invocations=81 (full 5):
 PSYoungGen      total 20992K, used 6215K [0x00000000eab00000, 0x00000000eca80000, 0x0000000100000000)
  eden space 14336K, 0% used [0x00000000eab00000,0x00000000eab00000,0x00000000eb900000)
  from space 6656K, 93% used [0x00000000eb900000,0x00000000ebf11de0,0x00000000ebf80000)
  to   space 8192K, 0% used [0x00000000ec280000,0x00000000ec280000,0x00000000eca80000)
 ParOldGen       total 212992K, used 205347K [0x00000000c0000000, 0x00000000cd000000, 0x00000000eab00000)
  object space 212992K, 96% used [0x00000000c0000000,0x00000000cc888f78,0x00000000cd000000)
 Metaspace       used 43491K, capacity 46129K, committed 46256K, reserved 1089536K
  class space    used 4429K, capacity 5344K, committed 5376K, reserved 1048576K
}
Event: 51.127 GC heap before
{Heap before GC invocations=82 (full 5):
 PSYoungGen      total 20992K, used 20551K [0x00000000eab00000, 0x00000000eca80000, 0x0000000100000000)
  eden space 14336K, 100% used [0x00000000eab00000,0x00000000eb900000,0x00000000eb900000)
  from space 6656K, 93% used [0x00000000eb900000,0x00000000ebf11de0,0x00000000ebf80000)
  to   space 8192K, 0% used [0x00000000ec280000,0x00000000ec280000,0x00000000eca80000)
 ParOldGen       total 212992K, used 205347K [0x00000000c0000000, 0x00000000cd000000, 0x00000000eab00000)
  object space 212992K, 96% used [0x00000000c0000000,0x00000000cc888f78,0x00000000cd000000)
 Metaspace       used 43537K, capacity 46193K, committed 46512K, reserved 1091584K
  class space    used 4431K, capacity 5344K, committed 5376K, reserved 1048576K
}
Event: 51.410 GC heap after
{Heap after GC invocations=82 (full 5):
 PSYoungGen      total 21504K, used 8176K [0x00000000eab00000, 0x00000000ecf80000, 0x0000000100000000)
  eden space 13312K, 0% used [0x00000000eab00000,0x00000000eab00000,0x00000000eb800000)
  from space 8192K, 99% used [0x00000000ec280000,0x00000000eca7c248,0x00000000eca80000)
  to   space 10752K, 0% used [0x00000000eb800000,0x00000000eb800000,0x00000000ec280000)
 ParOldGen       total 212992K, used 206800K [0x00000000c0000000, 0x00000000cd000000, 0x00000000eab00000)
  object space 212992K, 97% used [0x00000000c0000000,0x00000000cc9f4278,0x00000000cd000000)
 Metaspace       used 43537K, capacity 46193K, committed 46512K, reserved 1091584K
  class space    used 4431K, capacity 5344K, committed 5376K, reserved 1048576K
}
Event: 52.837 GC heap before
{Heap before GC invocations=83 (full 5):
 PSYoungGen      total 21504K, used 21488K [0x00000000eab00000, 0x00000000ecf80000, 0x0000000100000000)
  eden space 13312K, 100% used [0x00000000eab00000,0x00000000eb800000,0x00000000eb800000)
  from space 8192K, 99% used [0x00000000ec280000,0x00000000eca7c248,0x00000000eca80000)
  to   space 10752K, 0% used [0x00000000eb800000,0x00000000eb800000,0x00000000ec280000)
 ParOldGen       total 212992K, used 206800K [0x00000000c0000000, 0x00000000cd000000, 0x00000000eab00000)
  object space 212992K, 97% used [0x00000000c0000000,0x00000000cc9f4278,0x00000000cd000000)
 Metaspace       used 43567K, capacity 46193K, committed 46512K, reserved 1091584K
  class space    used 4434K, capacity 5344K, committed 5376K, reserved 1048576K
}
Event: 53.322 GC heap after
{Heap after GC invocations=83 (full 5):
 PSYoungGen      total 19456K, used 5920K [0x00000000eab00000, 0x00000000ec880000, 0x0000000100000000)
  eden space 13312K, 0% used [0x00000000eab00000,0x00000000eab00000,0x00000000eb800000)
  from space 6144K, 96% used [0x00000000eb800000,0x00000000ebdc8288,0x00000000ebe00000)
  to   space 7680K, 0% used [0x00000000ec100000,0x00000000ec100000,0x00000000ec880000)
 ParOldGen       total 212992K, used 212214K [0x00000000c0000000, 0x00000000cd000000, 0x00000000eab00000)
  object space 212992K, 99% used [0x00000000c0000000,0x00000000ccf3d838,0x00000000cd000000)
 Metaspace       used 43567K, capacity 46193K, committed 46512K, reserved 1091584K
  class space    used 4434K, capacity 5344K, committed 5376K, reserved 1048576K
}
Event: 53.325 GC heap before
{Heap before GC invocations=84 (full 6):
 PSYoungGen      total 19456K, used 5920K [0x00000000eab00000, 0x00000000ec880000, 0x0000000100000000)
  eden space 13312K, 0% used [0x00000000eab00000,0x00000000eab00000,0x00000000eb800000)
  from space 6144K, 96% used [0x00000000eb800000,0x00000000ebdc8288,0x00000000ebe00000)
  to   space 7680K, 0% used [0x00000000ec100000,0x00000000ec100000,0x00000000ec880000)
 ParOldGen       total 212992K, used 212214K [0x00000000c0000000, 0x00000000cd000000, 0x00000000eab00000)
  object space 212992K, 99% used [0x00000000c0000000,0x00000000ccf3d838,0x00000000cd000000)
 Metaspace       used 43567K, capacity 46193K, committed 46512K, reserved 1091584K
  class space    used 4434K, capacity 5344K, committed 5376K, reserved 1048576K
}

