# JRE version: OpenJDK Runtime Environment (11.0.14+9) (build 11.0.14+9-Ubuntu-0ubuntu2.16.04)
# Java VM: OpenJDK 64-Bit Server VM (11.0.14+9-Ubuntu-0ubuntu2.16.04, mixed mode, sharing, tiered, compressed oops, parallel gc, linux-amd64)
Heap:
 PSYoungGen      total 90624K, used 17202K [0x00000000eab00000, 0x00000000f2380000, 0x0000000100000000)
  eden space 66560K, 0% used [0x00000000eab00000,0x00000000eab00000,0x00000000eec00000)
  from space 24064K, 71% used [0x00000000f0c00000,0x00000000f1ccc890,0x00000000f2380000)
  to   space 28160K, 0% used [0x00000000eec80000,0x00000000eec80000,0x00000000f0800000)
 ParOldGen       total 207360K, used 207039K [0x00000000c0000000, 0x00000000cca80000, 0x00000000eab00000)
  object space 207360K, 99% used [0x00000000c0000000,0x00000000cca2fde8,0x00000000cca80000)
 Metaspace       used 46043K, capacity 48824K, committed 49200K, reserved 1093632K
  class space    used 4747K, capacity 5707K, committed 5760K, reserved 1048576K
GC Heap History (20 events):
Event: 30.532 GC heap after
{Heap after GC invocations=45 (full 4):
 PSYoungGen      total 46080K, used 7156K [0x00000000eab00000, 0x00000000ef000000, 0x0000000100000000)
  eden space 38912K, 0% used [0x00000000eab00000,0x00000000eab00000,0x00000000ed100000)
  from space 7168K, 99% used [0x00000000ed100000,0x00000000ed7fd1f0,0x00000000ed800000)
  to   space 14848K, 0% used [0x00000000ee180000,0x00000000ee180000,0x00000000ef000000)
 ParOldGen       total 204288K, used 123285K [0x00000000c0000000, 0x00000000cc780000, 0x00000000eab00000)
  object space 204288K, 60% used [0x00000000c0000000,0x00000000c7865748,0x00000000cc780000)
 Metaspace       used 40500K, capacity 43200K, committed 43440K, reserved 1087488K
  class space    used 4143K, capacity 5099K, committed 5120K, reserved 1048576K
}
Event: 31.150 GC heap before
{Heap before GC invocations=46 (full 4):
 PSYoungGen      total 46080K, used 46068K [0x00000000eab00000, 0x00000000ef000000, 0x0000000100000000)
  eden space 38912K, 100% used [0x00000000eab00000,0x00000000ed100000,0x00000000ed100000)
  from space 7168K, 99% used [0x00000000ed100000,0x00000000ed7fd1f0,0x00000000ed800000)
  to   space 14848K, 0% used [0x00000000ee180000,0x00000000ee180000,0x00000000ef000000)
 ParOldGen       total 204288K, used 123285K [0x00000000c0000000, 0x00000000cc780000, 0x00000000eab00000)
  object space 204288K, 60% used [0x00000000c0000000,0x00000000c7865748,0x00000000cc780000)
 Metaspace       used 40657K, capacity 43394K, committed 43696K, reserved 1087488K
  class space    used 4157K, capacity 5099K, committed 5120K, reserved 1048576K
}
Event: 31.199 GC heap after
{Heap after GC invocations=46 (full 4):
 PSYoungGen      total 53248K, used 10932K [0x00000000eab00000, 0x00000000eec80000, 0x0000000100000000)
  eden space 41984K, 0% used [0x00000000eab00000,0x00000000eab00000,0x00000000ed400000)
  from space 11264K, 97% used [0x00000000ee180000,0x00000000eec2d248,0x00000000eec80000)
  to   space 12288K, 0% used [0x00000000ed480000,0x00000000ed480000,0x00000000ee080000)
 ParOldGen       total 204288K, used 126372K [0x00000000c0000000, 0x00000000cc780000, 0x00000000eab00000)
  object space 204288K, 61% used [0x00000000c0000000,0x00000000c7b690d8,0x00000000cc780000)
 Metaspace       used 40657K, capacity 43394K, committed 43696K, reserved 1087488K
  class space    used 4157K, capacity 5099K, committed 5120K, reserved 1048576K
}
Event: 31.783 GC heap before
{Heap before GC invocations=47 (full 4):
 PSYoungGen      total 53248K, used 52916K [0x00000000eab00000, 0x00000000eec80000, 0x0000000100000000)
  eden space 41984K, 100% used [0x00000000eab00000,0x00000000ed400000,0x00000000ed400000)
  from space 11264K, 97% used [0x00000000ee180000,0x00000000eec2d248,0x00000000eec80000)
  to   space 12288K, 0% used [0x00000000ed480000,0x00000000ed480000,0x00000000ee080000)
 ParOldGen       total 204288K, used 126372K [0x00000000c0000000, 0x00000000cc780000, 0x00000000eab00000)
  object space 204288K, 61% used [0x00000000c0000000,0x00000000c7b690d8,0x00000000cc780000)
 Metaspace       used 40702K, capacity 43397K, committed 43696K, reserved 1087488K
  class space    used 4157K, capacity 5099K, committed 5120K, reserved 1048576K
}
Event: 31.842 GC heap after
{Heap after GC invocations=47 (full 4):
 PSYoungGen      total 54784K, used 12276K [0x00000000eab00000, 0x00000000efd80000, 0x0000000100000000)
  eden space 42496K, 0% used [0x00000000eab00000,0x00000000eab00000,0x00000000ed480000)
  from space 12288K, 99% used [0x00000000ed480000,0x00000000ee07d120,0x00000000ee080000)
  to   space 19456K, 0% used [0x00000000eea80000,0x00000000eea80000,0x00000000efd80000)
 ParOldGen       total 204288K, used 131848K [0x00000000c0000000, 0x00000000cc780000, 0x00000000eab00000)
  object space 204288K, 64% used [0x00000000c0000000,0x00000000c80c2108,0x00000000cc780000)
 Metaspace       used 40702K, capacity 43397K, committed 43696K, reserved 1087488K
  class space    used 4157K, capacity 5099K, committed 5120K, reserved 1048576K
}
Event: 32.744 GC heap before
{Heap before GC invocations=48 (full 4):
 PSYoungGen      total 54784K, used 54772K [0x00000000eab00000, 0x00000000efd80000, 0x0000000100000000)
  eden space 42496K, 100% used [0x00000000eab00000,0x00000000ed480000,0x00000000ed480000)
  from space 12288K, 99% used [0x00000000ed480000,0x00000000ee07d120,0x00000000ee080000)
  to   space 19456K, 0% used [0x00000000eea80000,0x00000000eea80000,0x00000000efd80000)
 ParOldGen       total 204288K, used 131848K [0x00000000c0000000, 0x00000000cc780000, 0x00000000eab00000)
  object space 204288K, 64% used [0x00000000c0000000,0x00000000c80c2108,0x00000000cc780000)
 Metaspace       used 41742K, capacity 44458K, committed 44848K, reserved 1089536K
  class space    used 4255K, capacity 5170K, committed 5248K, reserved 1048576K
}
Event: 32.851 GC heap after
{Heap after GC invocations=48 (full 4):
 PSYoungGen      total 59904K, used 13643K [0x00000000eab00000, 0x00000000ef800000, 0x0000000100000000)
  eden space 46080K, 0% used [0x00000000eab00000,0x00000000eab00000,0x00000000ed800000)
  from space 13824K, 98% used [0x00000000eea80000,0x00000000ef7d2e70,0x00000000ef800000)
  to   space 15360K, 0% used [0x00000000eda00000,0x00000000eda00000,0x00000000ee900000)
 ParOldGen       total 204288K, used 139802K [0x00000000c0000000, 0x00000000cc780000, 0x00000000eab00000)
  object space 204288K, 68% used [0x00000000c0000000,0x00000000c8886978,0x00000000cc780000)
 Metaspace       used 41742K, capacity 44458K, committed 44848K, reserved 1089536K
  class space    used 4255K, capacity 5170K, committed 5248K, reserved 1048576K
}
Event: 33.600 GC heap before
{Heap before GC invocations=49 (full 4):
 PSYoungGen      total 59904K, used 59723K [0x00000000eab00000, 0x00000000ef800000, 0x0000000100000000)
  eden space 46080K, 100% used [0x00000000eab00000,0x00000000ed800000,0x00000000ed800000)
  from space 13824K, 98% used [0x00000000eea80000,0x00000000ef7d2e70,0x00000000ef800000)
  to   space 15360K, 0% used [0x00000000eda00000,0x00000000eda00000,0x00000000ee900000)
 ParOldGen       total 204288K, used 139802K [0x00000000c0000000, 0x00000000cc780000, 0x00000000eab00000)
  object space 204288K, 68% used [0x00000000c0000000,0x00000000c8886978,0x00000000cc780000)
 Metaspace       used 43081K, capacity 45845K, committed 46000K, reserved 1089536K
  class space    used 4397K, capacity 5312K, committed 5376K, reserved 1048576K
}
Event: 33.647 GC heap after
{Heap after GC invocations=49 (full 4):
 PSYoungGen      total 63488K, used 15347K [0x00000000eab00000, 0x00000000f0d80000, 0x0000000100000000)
  eden space 48128K, 0% used [0x00000000eab00000,0x00000000eab00000,0x00000000eda00000)
  from space 15360K, 99% used [0x00000000eda00000,0x00000000ee8fcc48,0x00000000ee900000)
  to   space 25600K, 0% used [0x00000000ef480000,0x00000000ef480000,0x00000000f0d80000)
 ParOldGen       total 204288K, used 148243K [0x00000000c0000000, 0x00000000cc780000, 0x00000000eab00000)
  object space 204288K, 72% used [0x00000000c0000000,0x00000000c90c4f48,0x00000000cc780000)
 Metaspace       used 43081K, capacity 45845K, committed 46000K, reserved 1089536K
  class space    used 4397K, capacity 5312K, committed 5376K, reserved 1048576K
}
Event: 34.686 GC heap before
{Heap before GC invocations=50 (full 4):
 PSYoungGen      total 63488K, used 63475K [0x00000000eab00000, 0x00000000f0d80000, 0x0000000100000000)
  eden space 48128K, 100% used [0x00000000eab00000,0x00000000eda00000,0x00000000eda00000)
  from space 15360K, 99% used [0x00000000eda00000,0x00000000ee8fcc48,0x00000000ee900000)
  to   space 25600K, 0% used [0x00000000ef480000,0x00000000ef480000,0x00000000f0d80000)
 ParOldGen       total 204288K, used 148243K [0x00000000c0000000, 0x00000000cc780000, 0x00000000eab00000)
  object space 204288K, 72% used [0x00000000c0000000,0x00000000c90c4f48,0x00000000cc780000)
 Metaspace       used 45619K, capacity 48387K, committed 48688K, reserved 1091584K
  class space    used 4715K, capacity 5647K, committed 5760K, reserved 1048576K
}
Event: 34.822 GC heap after
{Heap after GC invocations=50 (full 4):
 PSYoungGen      total 72192K, used 19659K [0x00000000eab00000, 0x00000000f0800000, 0x0000000100000000)
  eden space 52224K, 0% used [0x00000000eab00000,0x00000000eab00000,0x00000000ede00000)
  from space 19968K, 98% used [0x00000000ef480000,0x00000000f07b2dd8,0x00000000f0800000)
  to   space 21504K, 0% used [0x00000000ede00000,0x00000000ede00000,0x00000000ef300000)
 ParOldGen       total 204288K, used 157630K [0x00000000c0000000, 0x00000000cc780000, 0x00000000eab00000)
  object space 204288K, 77% used [0x00000000c0000000,0x00000000c99ef818,0x00000000cc780000)
 Metaspace       used 45619K, capacity 48387K, committed 48688K, reserved 1091584K
  class space    used 4715K, capacity 5647K, committed 5760K, reserved 1048576K
}
Event: 35.651 GC heap before
{Heap before GC invocations=51 (full 4):
 PSYoungGen      total 72192K, used 71883K [0x00000000eab00000, 0x00000000f0800000, 0x0000000100000000)
  eden space 52224K, 100% used [0x00000000eab00000,0x00000000ede00000,0x00000000ede00000)
  from space 19968K, 98% used [0x00000000ef480000,0x00000000f07b2dd8,0x00000000f0800000)
  to   space 21504K, 0% used [0x00000000ede00000,0x00000000ede00000,0x00000000ef300000)
 ParOldGen       total 204288K, used 157630K [0x00000000c0000000, 0x00000000cc780000, 0x00000000eab00000)
  object space 204288K, 77% used [0x00000000c0000000,0x00000000c99ef818,0x00000000cc780000)
 Metaspace       used 45958K, capacity 48771K, committed 49200K, reserved 1093632K
  class space    used 4748K, capacity 5711K, committed 5760K, reserved 1048576K
}
Event: 35.733 GC heap after
{Heap after GC invocations=51 (full 4):
 PSYoungGen      total 73728K, used 21496K [0x00000000eab00000, 0x00000000f2500000, 0x0000000100000000)
  eden space 52224K, 0% used [0x00000000eab00000,0x00000000eab00000,0x00000000ede00000)
  from space 21504K, 99% used [0x00000000ede00000,0x00000000ef2fe258,0x00000000ef300000)
  to   space 34304K, 0% used [0x00000000f0380000,0x00000000f0380000,0x00000000f2500000)
 ParOldGen       total 204288K, used 168189K [0x00000000c0000000, 0x00000000cc780000, 0x00000000eab00000)
  object space 204288K, 82% used [0x00000000c0000000,0x00000000ca43f738,0x00000000cc780000)
 Metaspace       used 45958K, capacity 48771K, committed 49200K, reserved 1093632K
  class space    used 4748K, capacity 5711K, committed 5760K, reserved 1048576K
}
Event: 36.719 GC heap before
{Heap before GC invocations=52 (full 4):
 PSYoungGen      total 73728K, used 73720K [0x00000000eab00000, 0x00000000f2500000, 0x0000000100000000)
  eden space 52224K, 100% used [0x00000000eab00000,0x00000000ede00000,0x00000000ede00000)
  from space 21504K, 99% used [0x00000000ede00000,0x00000000ef2fe258,0x00000000ef300000)
  to   space 34304K, 0% used [0x00000000f0380000,0x00000000f0380000,0x00000000f2500000)
 ParOldGen       total 204288K, used 168189K [0x00000000c0000000, 0x00000000cc780000, 0x00000000eab00000)
  object space 204288K, 82% used [0x00000000c0000000,0x00000000ca43f738,0x00000000cc780000)
 Metaspace       used 45997K, capacity 48835K, committed 49200K, reserved 1093632K
  class space    used 4749K, capacity 5711K, committed 5760K, reserved 1048576K
}
Event: 36.895 GC heap after
{Heap after GC invocations=52 (full 4):
 PSYoungGen      total 76288K, used 19435K [0x00000000eab00000, 0x00000000f1680000, 0x0000000100000000)
  eden space 56832K, 0% used [0x00000000eab00000,0x00000000eab00000,0x00000000ee280000)
  from space 19456K, 99% used [0x00000000f0380000,0x00000000f167afb8,0x00000000f1680000)
  to   space 24064K, 0% used [0x00000000ee780000,0x00000000ee780000,0x00000000eff00000)
 ParOldGen       total 204288K, used 181532K [0x00000000c0000000, 0x00000000cc780000, 0x00000000eab00000)
  object space 204288K, 88% used [0x00000000c0000000,0x00000000cb147238,0x00000000cc780000)
 Metaspace       used 45997K, capacity 48835K, committed 49200K, reserved 1093632K
  class space    used 4749K, capacity 5711K, committed 5760K, reserved 1048576K
}
Event: 38.299 GC heap before
{Heap before GC invocations=53 (full 4):
 PSYoungGen      total 76288K, used 76267K [0x00000000eab00000, 0x00000000f1680000, 0x0000000100000000)
  eden space 56832K, 100% used [0x00000000eab00000,0x00000000ee280000,0x00000000ee280000)
  from space 19456K, 99% used [0x00000000f0380000,0x00000000f167afb8,0x00000000f1680000)
  to   space 24064K, 0% used [0x00000000ee780000,0x00000000ee780000,0x00000000eff00000)
 ParOldGen       total 204288K, used 181532K [0x00000000c0000000, 0x00000000cc780000, 0x00000000eab00000)
  object space 204288K, 88% used [0x00000000c0000000,0x00000000cb147238,0x00000000cc780000)
 Metaspace       used 46039K, capacity 48835K, committed 49200K, reserved 1093632K
  class space    used 4749K, capacity 5711K, committed 5760K, reserved 1048576K
}
Event: 38.395 GC heap after
{Heap after GC invocations=53 (full 4):
 PSYoungGen      total 85504K, used 24045K [0x00000000eab00000, 0x00000000f3100000, 0x0000000100000000)
  eden space 61440K, 0% used [0x00000000eab00000,0x00000000eab00000,0x00000000ee700000)
  from space 24064K, 99% used [0x00000000ee780000,0x00000000efefb518,0x00000000eff00000)
  to   space 37888K, 0% used [0x00000000f0c00000,0x00000000f0c00000,0x00000000f3100000)
 ParOldGen       total 204288K, used 192356K [0x00000000c0000000, 0x00000000cc780000, 0x00000000eab00000)
  object space 204288K, 94% used [0x00000000c0000000,0x00000000cbbd9208,0x00000000cc780000)
 Metaspace       used 46039K, capacity 48835K, committed 49200K, reserved 1093632K
  class space    used 4749K, capacity 5711K, committed 5760K, reserved 1048576K
}
Event: 39.818 GC heap before
{Heap before GC invocations=54 (full 4):
 PSYoungGen      total 85504K, used 85485K [0x00000000eab00000, 0x00000000f3100000, 0x0000000100000000)
  eden space 61440K, 100% used [0x00000000eab00000,0x00000000ee700000,0x00000000ee700000)
  from space 24064K, 99% used [0x00000000ee780000,0x00000000efefb518,0x00000000eff00000)
  to   space 37888K, 0% used [0x00000000f0c00000,0x00000000f0c00000,0x00000000f3100000)
 ParOldGen       total 204288K, used 192356K [0x00000000c0000000, 0x00000000cc780000, 0x00000000eab00000)
  object space 204288K, 94% used [0x00000000c0000000,0x00000000cbbd9208,0x00000000cc780000)
 Metaspace       used 46050K, capacity 48835K, committed 49200K, reserved 1093632K
  class space    used 4749K, capacity 5711K, committed 5760K, reserved 1048576K
}
Event: 39.928 GC heap after
{Heap after GC invocations=54 (full 4):
 PSYoungGen      total 90624K, used 23895K [0x00000000eab00000, 0x00000000f2380000, 0x0000000100000000)
  eden space 66560K, 0% used [0x00000000eab00000,0x00000000eab00000,0x00000000eec00000)
  from space 24064K, 99% used [0x00000000f0c00000,0x00000000f2355c40,0x00000000f2380000)
  to   space 28160K, 0% used [0x00000000eec80000,0x00000000eec80000,0x00000000f0800000)
 ParOldGen       total 207360K, used 207309K [0x00000000c0000000, 0x00000000cca80000, 0x00000000eab00000)
  object space 207360K, 99% used [0x00000000c0000000,0x00000000cca73740,0x00000000cca80000)
 Metaspace       used 46050K, capacity 48835K, committed 49200K, reserved 1093632K
  class space    used 4749K, capacity 5711K, committed 5760K, reserved 1048576K
}
Event: 39.928 GC heap before
{Heap before GC invocations=55 (full 5):
 PSYoungGen      total 90624K, used 23895K [0x00000000eab00000, 0x00000000f2380000, 0x0000000100000000)
  eden space 66560K, 0% used [0x00000000eab00000,0x00000000eab00000,0x00000000eec00000)
  from space 24064K, 99% used [0x00000000f0c00000,0x00000000f2355c40,0x00000000f2380000)
  to   space 28160K, 0% used [0x00000000eec80000,0x00000000eec80000,0x00000000f0800000)
 ParOldGen       total 207360K, used 207309K [0x00000000c0000000, 0x00000000cca80000, 0x00000000eab00000)
  object space 207360K, 99% used [0x00000000c0000000,0x00000000cca73740,0x00000000cca80000)
 Metaspace       used 46050K, capacity 48835K, committed 49200K, reserved 1093632K
  class space    used 4749K, capacity 5711K, committed 5760K, reserved 1048576K
}

