# JRE version: OpenJDK Runtime Environment (11.0.14+9) (build 11.0.14+9-Ubuntu-0ubuntu2.16.04)
# Java VM: OpenJDK 64-Bit Server VM (11.0.14+9-Ubuntu-0ubuntu2.16.04, mixed mode, sharing, tiered, compressed oops, parallel gc, linux-amd64)
Heap:
 PSYoungGen      total 17920K, used 1605K [0x00000000eab00000, 0x00000000ec500000, 0x0000000100000000)
  eden space 12288K, 0% used [0x00000000eab00000,0x00000000eab00000,0x00000000eb700000)
  from space 5632K, 28% used [0x00000000eb700000,0x00000000eb891520,0x00000000ebc80000)
  to   space 6656K, 0% used [0x00000000ebe80000,0x00000000ebe80000,0x00000000ec500000)
 ParOldGen       total 261632K, used 261407K [0x00000000c0000000, 0x00000000cff80000, 0x00000000eab00000)
  object space 261632K, 99% used [0x00000000c0000000,0x00000000cff47fe0,0x00000000cff80000)
 Metaspace       used 46001K, capacity 48744K, committed 49200K, reserved 1093632K
  class space    used 4742K, capacity 5707K, committed 5760K, reserved 1048576K
GC Heap History (20 events):
Event: 52.324 GC heap after
{Heap after GC invocations=127 (full 7):
 PSYoungGen      total 28160K, used 10209K [0x00000000eab00000, 0x00000000ed980000, 0x0000000100000000)
  eden space 17920K, 0% used [0x00000000eab00000,0x00000000eab00000,0x00000000ebc80000)
  from space 10240K, 99% used [0x00000000ec980000,0x00000000ed3786c0,0x00000000ed380000)
  to   space 13312K, 0% used [0x00000000ebc80000,0x00000000ebc80000,0x00000000ec980000)
 ParOldGen       total 261632K, used 223881K [0x00000000c0000000, 0x00000000cff80000, 0x00000000eab00000)
  object space 261632K, 85% used [0x00000000c0000000,0x00000000cdaa2448,0x00000000cff80000)
 Metaspace       used 45952K, capacity 48680K, committed 48944K, reserved 1093632K
  class space    used 4742K, capacity 5707K, committed 5760K, reserved 1048576K
}
Event: 52.677 GC heap before
{Heap before GC invocations=128 (full 7):
 PSYoungGen      total 28160K, used 28129K [0x00000000eab00000, 0x00000000ed980000, 0x0000000100000000)
  eden space 17920K, 100% used [0x00000000eab00000,0x00000000ebc80000,0x00000000ebc80000)
  from space 10240K, 99% used [0x00000000ec980000,0x00000000ed3786c0,0x00000000ed380000)
  to   space 13312K, 0% used [0x00000000ebc80000,0x00000000ebc80000,0x00000000ec980000)
 ParOldGen       total 261632K, used 223881K [0x00000000c0000000, 0x00000000cff80000, 0x00000000eab00000)
  object space 261632K, 85% used [0x00000000c0000000,0x00000000cdaa2448,0x00000000cff80000)
 Metaspace       used 45952K, capacity 48680K, committed 48944K, reserved 1093632K
  class space    used 4742K, capacity 5707K, committed 5760K, reserved 1048576K
}
Event: 52.753 GC heap after
{Heap after GC invocations=128 (full 7):
 PSYoungGen      total 25600K, used 7552K [0x00000000eab00000, 0x00000000ed100000, 0x0000000100000000)
  eden space 17920K, 0% used [0x00000000eab00000,0x00000000eab00000,0x00000000ebc80000)
  from space 7680K, 98% used [0x00000000ebc80000,0x00000000ec3e0308,0x00000000ec400000)
  to   space 9728K, 0% used [0x00000000ec780000,0x00000000ec780000,0x00000000ed100000)
 ParOldGen       total 261632K, used 230722K [0x00000000c0000000, 0x00000000cff80000, 0x00000000eab00000)
  object space 261632K, 88% used [0x00000000c0000000,0x00000000ce150920,0x00000000cff80000)
 Metaspace       used 45952K, capacity 48680K, committed 48944K, reserved 1093632K
  class space    used 4742K, capacity 5707K, committed 5760K, reserved 1048576K
}
Event: 53.303 GC heap before
{Heap before GC invocations=129 (full 7):
 PSYoungGen      total 25600K, used 25472K [0x00000000eab00000, 0x00000000ed100000, 0x0000000100000000)
  eden space 17920K, 100% used [0x00000000eab00000,0x00000000ebc80000,0x00000000ebc80000)
  from space 7680K, 98% used [0x00000000ebc80000,0x00000000ec3e0308,0x00000000ec400000)
  to   space 9728K, 0% used [0x00000000ec780000,0x00000000ec780000,0x00000000ed100000)
 ParOldGen       total 261632K, used 230722K [0x00000000c0000000, 0x00000000cff80000, 0x00000000eab00000)
  object space 261632K, 88% used [0x00000000c0000000,0x00000000ce150920,0x00000000cff80000)
 Metaspace       used 45954K, capacity 48680K, committed 48944K, reserved 1093632K
  class space    used 4742K, capacity 5707K, committed 5760K, reserved 1048576K
}
Event: 53.339 GC heap after
{Heap after GC invocations=129 (full 7):
 PSYoungGen      total 26112K, used 9697K [0x00000000eab00000, 0x00000000ed700000, 0x0000000100000000)
  eden space 16384K, 0% used [0x00000000eab00000,0x00000000eab00000,0x00000000ebb00000)
  from space 9728K, 99% used [0x00000000ec780000,0x00000000ed0f86f8,0x00000000ed100000)
  to   space 12800K, 0% used [0x00000000ebb00000,0x00000000ebb00000,0x00000000ec780000)
 ParOldGen       total 261632K, used 232803K [0x00000000c0000000, 0x00000000cff80000, 0x00000000eab00000)
  object space 261632K, 88% used [0x00000000c0000000,0x00000000ce358f10,0x00000000cff80000)
 Metaspace       used 45954K, capacity 48680K, committed 48944K, reserved 1093632K
  class space    used 4742K, capacity 5707K, committed 5760K, reserved 1048576K
}
Event: 53.885 GC heap before
{Heap before GC invocations=130 (full 7):
 PSYoungGen      total 26112K, used 26069K [0x00000000eab00000, 0x00000000ed700000, 0x0000000100000000)
  eden space 16384K, 99% used [0x00000000eab00000,0x00000000ebafcd70,0x00000000ebb00000)
  from space 9728K, 99% used [0x00000000ec780000,0x00000000ed0f86f8,0x00000000ed100000)
  to   space 12800K, 0% used [0x00000000ebb00000,0x00000000ebb00000,0x00000000ec780000)
 ParOldGen       total 261632K, used 232803K [0x00000000c0000000, 0x00000000cff80000, 0x00000000eab00000)
  object space 261632K, 88% used [0x00000000c0000000,0x00000000ce358f10,0x00000000cff80000)
 Metaspace       used 45964K, capacity 48680K, committed 48944K, reserved 1093632K
  class space    used 4742K, capacity 5707K, committed 5760K, reserved 1048576K
}
Event: 53.953 GC heap after
{Heap after GC invocations=130 (full 7):
 PSYoungGen      total 23552K, used 7142K [0x00000000eab00000, 0x00000000ece80000, 0x0000000100000000)
  eden space 16384K, 0% used [0x00000000eab00000,0x00000000eab00000,0x00000000ebb00000)
  from space 7168K, 99% used [0x00000000ebb00000,0x00000000ec1f9a80,0x00000000ec200000)
  to   space 9216K, 0% used [0x00000000ec580000,0x00000000ec580000,0x00000000ece80000)
 ParOldGen       total 261632K, used 239129K [0x00000000c0000000, 0x00000000cff80000, 0x00000000eab00000)
  object space 261632K, 91% used [0x00000000c0000000,0x00000000ce986640,0x00000000cff80000)
 Metaspace       used 45964K, capacity 48680K, committed 48944K, reserved 1093632K
  class space    used 4742K, capacity 5707K, committed 5760K, reserved 1048576K
}
Event: 54.833 GC heap before
{Heap before GC invocations=131 (full 7):
 PSYoungGen      total 23552K, used 23526K [0x00000000eab00000, 0x00000000ece80000, 0x0000000100000000)
  eden space 16384K, 100% used [0x00000000eab00000,0x00000000ebb00000,0x00000000ebb00000)
  from space 7168K, 99% used [0x00000000ebb00000,0x00000000ec1f9a80,0x00000000ec200000)
  to   space 9216K, 0% used [0x00000000ec580000,0x00000000ec580000,0x00000000ece80000)
 ParOldGen       total 261632K, used 239129K [0x00000000c0000000, 0x00000000cff80000, 0x00000000eab00000)
  object space 261632K, 91% used [0x00000000c0000000,0x00000000ce986640,0x00000000cff80000)
 Metaspace       used 45969K, capacity 48680K, committed 48944K, reserved 1093632K
  class space    used 4742K, capacity 5707K, committed 5760K, reserved 1048576K
}
Event: 55.042 GC heap after
{Heap after GC invocations=131 (full 7):
 PSYoungGen      total 24064K, used 9197K [0x00000000eab00000, 0x00000000ed480000, 0x0000000100000000)
  eden space 14848K, 0% used [0x00000000eab00000,0x00000000eab00000,0x00000000eb980000)
  from space 9216K, 99% used [0x00000000ec580000,0x00000000ece7b498,0x00000000ece80000)
  to   space 12288K, 0% used [0x00000000eb980000,0x00000000eb980000,0x00000000ec580000)
 ParOldGen       total 261632K, used 241003K [0x00000000c0000000, 0x00000000cff80000, 0x00000000eab00000)
  object space 261632K, 92% used [0x00000000c0000000,0x00000000ceb5adb8,0x00000000cff80000)
 Metaspace       used 45969K, capacity 48680K, committed 48944K, reserved 1093632K
  class space    used 4742K, capacity 5707K, committed 5760K, reserved 1048576K
}
Event: 56.576 GC heap before
{Heap before GC invocations=132 (full 7):
 PSYoungGen      total 24064K, used 24045K [0x00000000eab00000, 0x00000000ed480000, 0x0000000100000000)
  eden space 14848K, 100% used [0x00000000eab00000,0x00000000eb980000,0x00000000eb980000)
  from space 9216K, 99% used [0x00000000ec580000,0x00000000ece7b498,0x00000000ece80000)
  to   space 12288K, 0% used [0x00000000eb980000,0x00000000eb980000,0x00000000ec580000)
 ParOldGen       total 261632K, used 241003K [0x00000000c0000000, 0x00000000cff80000, 0x00000000eab00000)
  object space 261632K, 92% used [0x00000000c0000000,0x00000000ceb5adb8,0x00000000cff80000)
 Metaspace       used 45983K, capacity 48680K, committed 48944K, reserved 1093632K
  class space    used 4742K, capacity 5707K, committed 5760K, reserved 1048576K
}
Event: 56.674 GC heap after
{Heap after GC invocations=132 (full 7):
 PSYoungGen      total 21504K, used 6476K [0x00000000eab00000, 0x00000000ecb00000, 0x0000000100000000)
  eden space 14848K, 0% used [0x00000000eab00000,0x00000000eab00000,0x00000000eb980000)
  from space 6656K, 97% used [0x00000000eb980000,0x00000000ebfd3070,0x00000000ec000000)
  to   space 8192K, 0% used [0x00000000ec300000,0x00000000ec300000,0x00000000ecb00000)
 ParOldGen       total 261632K, used 247068K [0x00000000c0000000, 0x00000000cff80000, 0x00000000eab00000)
  object space 261632K, 94% used [0x00000000c0000000,0x00000000cf147370,0x00000000cff80000)
 Metaspace       used 45983K, capacity 48680K, committed 48944K, reserved 1093632K
  class space    used 4742K, capacity 5707K, committed 5760K, reserved 1048576K
}
Event: 57.330 GC heap before
{Heap before GC invocations=133 (full 7):
 PSYoungGen      total 21504K, used 21324K [0x00000000eab00000, 0x00000000ecb00000, 0x0000000100000000)
  eden space 14848K, 100% used [0x00000000eab00000,0x00000000eb980000,0x00000000eb980000)
  from space 6656K, 97% used [0x00000000eb980000,0x00000000ebfd3070,0x00000000ec000000)
  to   space 8192K, 0% used [0x00000000ec300000,0x00000000ec300000,0x00000000ecb00000)
 ParOldGen       total 261632K, used 247068K [0x00000000c0000000, 0x00000000cff80000, 0x00000000eab00000)
  object space 261632K, 94% used [0x00000000c0000000,0x00000000cf147370,0x00000000cff80000)
 Metaspace       used 45983K, capacity 48680K, committed 48944K, reserved 1093632K
  class space    used 4742K, capacity 5707K, committed 5760K, reserved 1048576K
}
Event: 57.409 GC heap after
{Heap after GC invocations=133 (full 7):
 PSYoungGen      total 22016K, used 8189K [0x00000000eab00000, 0x00000000ecf80000, 0x0000000100000000)
  eden space 13824K, 0% used [0x00000000eab00000,0x00000000eab00000,0x00000000eb880000)
  from space 8192K, 99% used [0x00000000ec300000,0x00000000ecaff530,0x00000000ecb00000)
  to   space 10752K, 0% used [0x00000000eb880000,0x00000000eb880000,0x00000000ec300000)
 ParOldGen       total 261632K, used 248546K [0x00000000c0000000, 0x00000000cff80000, 0x00000000eab00000)
  object space 261632K, 94% used [0x00000000c0000000,0x00000000cf2b8968,0x00000000cff80000)
 Metaspace       used 45983K, capacity 48680K, committed 48944K, reserved 1093632K
  class space    used 4742K, capacity 5707K, committed 5760K, reserved 1048576K
}
Event: 58.017 GC heap before
{Heap before GC invocations=134 (full 7):
 PSYoungGen      total 22016K, used 22013K [0x00000000eab00000, 0x00000000ecf80000, 0x0000000100000000)
  eden space 13824K, 100% used [0x00000000eab00000,0x00000000eb880000,0x00000000eb880000)
  from space 8192K, 99% used [0x00000000ec300000,0x00000000ecaff530,0x00000000ecb00000)
  to   space 10752K, 0% used [0x00000000eb880000,0x00000000eb880000,0x00000000ec300000)
 ParOldGen       total 261632K, used 248546K [0x00000000c0000000, 0x00000000cff80000, 0x00000000eab00000)
  object space 261632K, 94% used [0x00000000c0000000,0x00000000cf2b8968,0x00000000cff80000)
 Metaspace       used 45984K, capacity 48680K, committed 48944K, reserved 1093632K
  class space    used 4742K, capacity 5707K, committed 5760K, reserved 1048576K
}
Event: 58.087 GC heap after
{Heap after GC invocations=134 (full 7):
 PSYoungGen      total 19968K, used 5702K [0x00000000eab00000, 0x00000000ec780000, 0x0000000100000000)
  eden space 13824K, 0% used [0x00000000eab00000,0x00000000eab00000,0x00000000eb880000)
  from space 6144K, 92% used [0x00000000eb880000,0x00000000ebe11978,0x00000000ebe80000)
  to   space 7168K, 0% used [0x00000000ec080000,0x00000000ec080000,0x00000000ec780000)
 ParOldGen       total 261632K, used 254188K [0x00000000c0000000, 0x00000000cff80000, 0x00000000eab00000)
  object space 261632K, 97% used [0x00000000c0000000,0x00000000cf83b0d8,0x00000000cff80000)
 Metaspace       used 45984K, capacity 48680K, committed 48944K, reserved 1093632K
  class space    used 4742K, capacity 5707K, committed 5760K, reserved 1048576K
}
Event: 59.202 GC heap before
{Heap before GC invocations=135 (full 7):
 PSYoungGen      total 19968K, used 19526K [0x00000000eab00000, 0x00000000ec780000, 0x0000000100000000)
  eden space 13824K, 100% used [0x00000000eab00000,0x00000000eb880000,0x00000000eb880000)
  from space 6144K, 92% used [0x00000000eb880000,0x00000000ebe11978,0x00000000ebe80000)
  to   space 7168K, 0% used [0x00000000ec080000,0x00000000ec080000,0x00000000ec780000)
 ParOldGen       total 261632K, used 254188K [0x00000000c0000000, 0x00000000cff80000, 0x00000000eab00000)
  object space 261632K, 97% used [0x00000000c0000000,0x00000000cf83b0d8,0x00000000cff80000)
 Metaspace       used 45987K, capacity 48680K, committed 48944K, reserved 1093632K
  class space    used 4742K, capacity 5707K, committed 5760K, reserved 1048576K
}
Event: 59.599 GC heap after
{Heap after GC invocations=135 (full 7):
 PSYoungGen      total 19456K, used 7157K [0x00000000eab00000, 0x00000000ecd00000, 0x0000000100000000)
  eden space 12288K, 0% used [0x00000000eab00000,0x00000000eab00000,0x00000000eb700000)
  from space 7168K, 99% used [0x00000000ec080000,0x00000000ec77d588,0x00000000ec780000)
  to   space 9728K, 0% used [0x00000000eb700000,0x00000000eb700000,0x00000000ec080000)
 ParOldGen       total 261632K, used 255989K [0x00000000c0000000, 0x00000000cff80000, 0x00000000eab00000)
  object space 261632K, 97% used [0x00000000c0000000,0x00000000cf9fd790,0x00000000cff80000)
 Metaspace       used 45987K, capacity 48680K, committed 48944K, reserved 1093632K
  class space    used 4742K, capacity 5707K, committed 5760K, reserved 1048576K
}
Event: 60.469 GC heap before
{Heap before GC invocations=136 (full 7):
 PSYoungGen      total 19456K, used 19445K [0x00000000eab00000, 0x00000000ecd00000, 0x0000000100000000)
  eden space 12288K, 100% used [0x00000000eab00000,0x00000000eb700000,0x00000000eb700000)
  from space 7168K, 99% used [0x00000000ec080000,0x00000000ec77d588,0x00000000ec780000)
  to   space 9728K, 0% used [0x00000000eb700000,0x00000000eb700000,0x00000000ec080000)
 ParOldGen       total 261632K, used 255989K [0x00000000c0000000, 0x00000000cff80000, 0x00000000eab00000)
  object space 261632K, 97% used [0x00000000c0000000,0x00000000cf9fd790,0x00000000cff80000)
 Metaspace       used 46001K, capacity 48744K, committed 49200K, reserved 1093632K
  class space    used 4742K, capacity 5707K, committed 5760K, reserved 1048576K
}
Event: 60.512 GC heap after
{Heap after GC invocations=136 (full 7):
 PSYoungGen      total 17920K, used 5233K [0x00000000eab00000, 0x00000000ec500000, 0x0000000100000000)
  eden space 12288K, 0% used [0x00000000eab00000,0x00000000eab00000,0x00000000eb700000)
  from space 5632K, 92% used [0x00000000eb700000,0x00000000ebc1c750,0x00000000ebc80000)
  to   space 6656K, 0% used [0x00000000ebe80000,0x00000000ebe80000,0x00000000ec500000)
 ParOldGen       total 261632K, used 260629K [0x00000000c0000000, 0x00000000cff80000, 0x00000000eab00000)
  object space 261632K, 99% used [0x00000000c0000000,0x00000000cfe85418,0x00000000cff80000)
 Metaspace       used 46001K, capacity 48744K, committed 49200K, reserved 1093632K
  class space    used 4742K, capacity 5707K, committed 5760K, reserved 1048576K
}
Event: 60.512 GC heap before
{Heap before GC invocations=137 (full 8):
 PSYoungGen      total 17920K, used 5233K [0x00000000eab00000, 0x00000000ec500000, 0x0000000100000000)
  eden space 12288K, 0% used [0x00000000eab00000,0x00000000eab00000,0x00000000eb700000)
  from space 5632K, 92% used [0x00000000eb700000,0x00000000ebc1c750,0x00000000ebc80000)
  to   space 6656K, 0% used [0x00000000ebe80000,0x00000000ebe80000,0x00000000ec500000)
 ParOldGen       total 261632K, used 260629K [0x00000000c0000000, 0x00000000cff80000, 0x00000000eab00000)
  object space 261632K, 99% used [0x00000000c0000000,0x00000000cfe85418,0x00000000cff80000)
 Metaspace       used 46001K, capacity 48744K, committed 49200K, reserved 1093632K
  class space    used 4742K, capacity 5707K, committed 5760K, reserved 1048576K
}

